{"/home/sngflu/IT/devops/frontend/src/App.jsx": {"path":"/home/sngflu/IT/devops/frontend/src/App.jsx","all":false,"statementMap":{"0":{"start":{"line":1,"column":0},"end":{"line":1,"column":84}},"1":{"start":{"line":2,"column":0},"end":{"line":2,"column":44}},"2":{"start":{"line":3,"column":0},"end":{"line":3,"column":48}},"3":{"start":{"line":4,"column":0},"end":{"line":4,"column":54}},"4":{"start":{"line":5,"column":0},"end":{"line":5,"column":60}},"5":{"start":{"line":6,"column":0},"end":{"line":6,"column":49}},"6":{"start":{"line":7,"column":0},"end":{"line":7,"column":58}},"7":{"start":{"line":8,"column":0},"end":{"line":8,"column":66}},"8":{"start":{"line":9,"column":0},"end":{"line":9,"column":19}},"10":{"start":{"line":11,"column":0},"end":{"line":11,"column":16}},"11":{"start":{"line":12,"column":0},"end":{"line":12,"column":64}},"13":{"start":{"line":14,"column":0},"end":{"line":14,"column":19}},"14":{"start":{"line":15,"column":0},"end":{"line":15,"column":48}},"15":{"start":{"line":16,"column":0},"end":{"line":16,"column":32}},"16":{"start":{"line":17,"column":0},"end":{"line":17,"column":9}},"18":{"start":{"line":19,"column":0},"end":{"line":19,"column":44}},"19":{"start":{"line":20,"column":0},"end":{"line":20,"column":27}},"20":{"start":{"line":21,"column":0},"end":{"line":21,"column":38}},"21":{"start":{"line":22,"column":0},"end":{"line":22,"column":5}},"22":{"start":{"line":23,"column":0},"end":{"line":23,"column":20}},"23":{"start":{"line":24,"column":0},"end":{"line":24,"column":4}},"25":{"start":{"line":26,"column":0},"end":{"line":26,"column":39}},"26":{"start":{"line":27,"column":0},"end":{"line":27,"column":26}},"27":{"start":{"line":28,"column":0},"end":{"line":28,"column":33}},"28":{"start":{"line":29,"column":0},"end":{"line":29,"column":5}},"29":{"start":{"line":30,"column":0},"end":{"line":30,"column":20}},"30":{"start":{"line":31,"column":0},"end":{"line":31,"column":4}},"32":{"start":{"line":33,"column":0},"end":{"line":33,"column":10}},"33":{"start":{"line":34,"column":0},"end":{"line":34,"column":12}},"34":{"start":{"line":35,"column":0},"end":{"line":35,"column":27}},"35":{"start":{"line":36,"column":0},"end":{"line":36,"column":32}},"36":{"start":{"line":37,"column":0},"end":{"line":37,"column":43}},"37":{"start":{"line":38,"column":0},"end":{"line":38,"column":14}},"38":{"start":{"line":39,"column":0},"end":{"line":39,"column":16}},"39":{"start":{"line":40,"column":0},"end":{"line":40,"column":40}},"40":{"start":{"line":41,"column":0},"end":{"line":41,"column":23}},"41":{"start":{"line":42,"column":0},"end":{"line":42,"column":23}},"42":{"start":{"line":43,"column":0},"end":{"line":43,"column":24}},"43":{"start":{"line":44,"column":0},"end":{"line":44,"column":14}},"44":{"start":{"line":45,"column":0},"end":{"line":45,"column":43}},"45":{"start":{"line":46,"column":0},"end":{"line":46,"column":23}},"46":{"start":{"line":47,"column":0},"end":{"line":47,"column":26}},"47":{"start":{"line":48,"column":0},"end":{"line":48,"column":24}},"48":{"start":{"line":49,"column":0},"end":{"line":49,"column":14}},"49":{"start":{"line":50,"column":0},"end":{"line":50,"column":35}},"50":{"start":{"line":51,"column":0},"end":{"line":51,"column":28}},"51":{"start":{"line":52,"column":0},"end":{"line":52,"column":26}},"52":{"start":{"line":53,"column":0},"end":{"line":53,"column":29}},"53":{"start":{"line":54,"column":0},"end":{"line":54,"column":14}},"54":{"start":{"line":55,"column":0},"end":{"line":55,"column":41}},"55":{"start":{"line":56,"column":0},"end":{"line":56,"column":28}},"56":{"start":{"line":57,"column":0},"end":{"line":57,"column":28}},"57":{"start":{"line":58,"column":0},"end":{"line":58,"column":29}},"58":{"start":{"line":59,"column":0},"end":{"line":59,"column":14}},"59":{"start":{"line":60,"column":0},"end":{"line":60,"column":42}},"60":{"start":{"line":61,"column":0},"end":{"line":61,"column":28}},"61":{"start":{"line":62,"column":0},"end":{"line":62,"column":30}},"62":{"start":{"line":63,"column":0},"end":{"line":63,"column":29}},"63":{"start":{"line":64,"column":0},"end":{"line":64,"column":14}},"64":{"start":{"line":65,"column":0},"end":{"line":65,"column":17}},"65":{"start":{"line":66,"column":0},"end":{"line":66,"column":12}},"66":{"start":{"line":67,"column":0},"end":{"line":67,"column":13}},"68":{"start":{"line":69,"column":0},"end":{"line":69,"column":1}},"70":{"start":{"line":71,"column":0},"end":{"line":71,"column":19}}},"s":{"0":1,"1":1,"2":1,"3":1,"4":1,"5":1,"6":1,"7":1,"8":1,"10":7,"11":7,"13":7,"14":7,"15":7,"16":7,"18":7,"19":2,"20":2,"21":2,"22":0,"23":2,"25":7,"26":7,"27":0,"28":0,"29":7,"30":7,"32":7,"33":7,"34":7,"35":7,"36":7,"37":7,"38":7,"39":7,"40":7,"41":7,"42":7,"43":7,"44":7,"45":7,"46":7,"47":7,"48":7,"49":7,"50":7,"51":7,"52":7,"53":7,"54":7,"55":7,"56":7,"57":7,"58":7,"59":7,"60":7,"61":7,"62":7,"63":7,"64":7,"65":7,"66":7,"68":7,"70":1},"branchMap":{"0":{"type":"branch","line":11,"loc":{"start":{"line":11,"column":0},"end":{"line":69,"column":1}},"locations":[{"start":{"line":11,"column":0},"end":{"line":69,"column":1}}]},"1":{"type":"branch","line":14,"loc":{"start":{"line":14,"column":12},"end":{"line":17,"column":5}},"locations":[{"start":{"line":14,"column":12},"end":{"line":17,"column":5}}]},"2":{"type":"branch","line":19,"loc":{"start":{"line":19,"column":25},"end":{"line":24,"column":4}},"locations":[{"start":{"line":19,"column":25},"end":{"line":24,"column":4}}]},"3":{"type":"branch","line":22,"loc":{"start":{"line":22,"column":4},"end":{"line":23,"column":20}},"locations":[{"start":{"line":22,"column":4},"end":{"line":23,"column":20}}]},"4":{"type":"branch","line":26,"loc":{"start":{"line":26,"column":20},"end":{"line":31,"column":4}},"locations":[{"start":{"line":26,"column":20},"end":{"line":31,"column":4}}]},"5":{"type":"branch","line":27,"loc":{"start":{"line":27,"column":25},"end":{"line":29,"column":5}},"locations":[{"start":{"line":27,"column":25},"end":{"line":29,"column":5}}]}},"b":{"0":[7],"1":[7],"2":[2],"3":[0],"4":[7],"5":[0]},"fnMap":{"0":{"name":"App","decl":{"start":{"line":11,"column":0},"end":{"line":69,"column":1}},"loc":{"start":{"line":11,"column":0},"end":{"line":69,"column":1}},"line":11},"1":{"name":"ProtectedRoute","decl":{"start":{"line":19,"column":25},"end":{"line":24,"column":4}},"loc":{"start":{"line":19,"column":25},"end":{"line":24,"column":4}},"line":19},"2":{"name":"AuthRoute","decl":{"start":{"line":26,"column":20},"end":{"line":31,"column":4}},"loc":{"start":{"line":26,"column":20},"end":{"line":31,"column":4}},"line":26}},"f":{"0":7,"1":2,"2":7}}
,"/home/sngflu/IT/devops/frontend/src/main.jsx": {"path":"/home/sngflu/IT/devops/frontend/src/main.jsx","all":true,"statementMap":{"0":{"start":{"line":1,"column":0},"end":{"line":1,"column":25}},"1":{"start":{"line":2,"column":0},"end":{"line":2,"column":39}},"2":{"start":{"line":3,"column":0},"end":{"line":3,"column":27}},"3":{"start":{"line":4,"column":0},"end":{"line":4,"column":20}},"5":{"start":{"line":6,"column":0},"end":{"line":6,"column":60}},"6":{"start":{"line":7,"column":0},"end":{"line":7,"column":20}},"7":{"start":{"line":8,"column":0},"end":{"line":8,"column":11}},"8":{"start":{"line":9,"column":0},"end":{"line":9,"column":22}},"9":{"start":{"line":10,"column":0},"end":{"line":10,"column":1}}},"s":{"0":0,"1":0,"2":0,"3":0,"5":0,"6":0,"7":0,"8":0,"9":0},"branchMap":{"0":{"type":"branch","line":1,"loc":{"start":{"line":1,"column":234},"end":{"line":10,"column":1}},"locations":[{"start":{"line":1,"column":234},"end":{"line":10,"column":1}}]}},"b":{"0":[0]},"fnMap":{"0":{"name":"(empty-report)","decl":{"start":{"line":1,"column":234},"end":{"line":10,"column":1}},"loc":{"start":{"line":1,"column":234},"end":{"line":10,"column":1}},"line":1}},"f":{"0":0}}
,"/home/sngflu/IT/devops/frontend/src/components/detectionResult/detectionResults.jsx": {"path":"/home/sngflu/IT/devops/frontend/src/components/detectionResult/detectionResults.jsx","all":false,"statementMap":{"0":{"start":{"line":1,"column":0},"end":{"line":1,"column":31}},"2":{"start":{"line":3,"column":0},"end":{"line":3,"column":76}},"3":{"start":{"line":4,"column":0},"end":{"line":4,"column":67}},"4":{"start":{"line":5,"column":0},"end":{"line":5,"column":48}},"5":{"start":{"line":6,"column":0},"end":{"line":6,"column":6}},"7":{"start":{"line":8,"column":0},"end":{"line":8,"column":86}},"8":{"start":{"line":9,"column":0},"end":{"line":9,"column":37}},"10":{"start":{"line":11,"column":0},"end":{"line":11,"column":58}},"11":{"start":{"line":12,"column":0},"end":{"line":12,"column":41}},"13":{"start":{"line":14,"column":0},"end":{"line":14,"column":54}},"14":{"start":{"line":15,"column":0},"end":{"line":15,"column":49}},"15":{"start":{"line":16,"column":0},"end":{"line":16,"column":47}},"16":{"start":{"line":17,"column":0},"end":{"line":17,"column":7}},"18":{"start":{"line":19,"column":0},"end":{"line":19,"column":57}},"19":{"start":{"line":20,"column":0},"end":{"line":20,"column":40}},"20":{"start":{"line":21,"column":0},"end":{"line":21,"column":48}},"21":{"start":{"line":22,"column":0},"end":{"line":22,"column":33}},"22":{"start":{"line":23,"column":0},"end":{"line":23,"column":38}},"23":{"start":{"line":24,"column":0},"end":{"line":24,"column":32}},"24":{"start":{"line":25,"column":0},"end":{"line":25,"column":37}},"25":{"start":{"line":26,"column":0},"end":{"line":26,"column":9}},"26":{"start":{"line":27,"column":0},"end":{"line":27,"column":18}},"27":{"start":{"line":28,"column":0},"end":{"line":28,"column":6}},"29":{"start":{"line":30,"column":0},"end":{"line":30,"column":12}},"30":{"start":{"line":31,"column":0},"end":{"line":31,"column":29}},"31":{"start":{"line":32,"column":0},"end":{"line":32,"column":63}},"32":{"start":{"line":33,"column":0},"end":{"line":33,"column":20}},"33":{"start":{"line":34,"column":0},"end":{"line":34,"column":31}},"34":{"start":{"line":35,"column":0},"end":{"line":35,"column":93}},"35":{"start":{"line":36,"column":0},"end":{"line":36,"column":64}},"36":{"start":{"line":37,"column":0},"end":{"line":37,"column":49}},"38":{"start":{"line":39,"column":0},"end":{"line":39,"column":23}},"39":{"start":{"line":40,"column":0},"end":{"line":40,"column":104}},"40":{"start":{"line":41,"column":0},"end":{"line":41,"column":24}},"41":{"start":{"line":42,"column":0},"end":{"line":42,"column":22}},"42":{"start":{"line":43,"column":0},"end":{"line":43,"column":15}},"43":{"start":{"line":44,"column":0},"end":{"line":44,"column":14}},"45":{"start":{"line":46,"column":0},"end":{"line":46,"column":2}},"47":{"start":{"line":48,"column":0},"end":{"line":48,"column":32}}},"s":{"0":1,"2":1,"3":4,"4":18,"5":4,"7":4,"8":11,"10":7,"11":7,"13":7,"14":3,"15":0,"16":4,"18":4,"19":11,"20":3,"21":11,"22":4,"23":4,"24":4,"25":4,"26":0,"27":11,"29":4,"30":4,"31":4,"32":11,"33":11,"34":11,"35":11,"36":11,"38":11,"39":11,"40":11,"41":11,"42":4,"43":4,"45":4,"47":1},"branchMap":{"0":{"type":"branch","line":3,"loc":{"start":{"line":3,"column":25},"end":{"line":46,"column":2}},"locations":[{"start":{"line":3,"column":25},"end":{"line":46,"column":2}}]},"1":{"type":"branch","line":4,"loc":{"start":{"line":4,"column":53},"end":{"line":5,"column":48}},"locations":[{"start":{"line":4,"column":53},"end":{"line":5,"column":48}}]},"2":{"type":"branch","line":5,"loc":{"start":{"line":5,"column":25},"end":{"line":5,"column":48}},"locations":[{"start":{"line":5,"column":25},"end":{"line":5,"column":48}}]},"3":{"type":"branch","line":8,"loc":{"start":{"line":8,"column":61},"end":{"line":17,"column":5}},"locations":[{"start":{"line":8,"column":61},"end":{"line":17,"column":5}}]},"4":{"type":"branch","line":9,"loc":{"start":{"line":9,"column":25},"end":{"line":9,"column":37}},"locations":[{"start":{"line":9,"column":25},"end":{"line":9,"column":37}}]},"5":{"type":"branch","line":9,"loc":{"start":{"line":9,"column":32},"end":{"line":14,"column":54}},"locations":[{"start":{"line":9,"column":32},"end":{"line":14,"column":54}}]},"6":{"type":"branch","line":14,"loc":{"start":{"line":14,"column":49},"end":{"line":15,"column":49}},"locations":[{"start":{"line":14,"column":49},"end":{"line":15,"column":49}}]},"7":{"type":"branch","line":15,"loc":{"start":{"line":15,"column":44},"end":{"line":16,"column":47}},"locations":[{"start":{"line":15,"column":44},"end":{"line":16,"column":47}}]},"8":{"type":"branch","line":19,"loc":{"start":{"line":19,"column":35},"end":{"line":28,"column":6}},"locations":[{"start":{"line":19,"column":35},"end":{"line":28,"column":6}}]},"9":{"type":"branch","line":20,"loc":{"start":{"line":20,"column":22},"end":{"line":20,"column":39}},"locations":[{"start":{"line":20,"column":22},"end":{"line":20,"column":39}}]},"10":{"type":"branch","line":20,"loc":{"start":{"line":20,"column":39},"end":{"line":22,"column":19}},"locations":[{"start":{"line":20,"column":39},"end":{"line":22,"column":19}}]},"11":{"type":"branch","line":22,"loc":{"start":{"line":22,"column":8},"end":{"line":26,"column":9}},"locations":[{"start":{"line":22,"column":8},"end":{"line":26,"column":9}}]},"12":{"type":"branch","line":22,"loc":{"start":{"line":22,"column":32},"end":{"line":26,"column":9}},"locations":[{"start":{"line":22,"column":32},"end":{"line":26,"column":9}}]},"13":{"type":"branch","line":26,"loc":{"start":{"line":26,"column":8},"end":{"line":27,"column":18}},"locations":[{"start":{"line":26,"column":8},"end":{"line":27,"column":18}}]},"14":{"type":"branch","line":32,"loc":{"start":{"line":32,"column":38},"end":{"line":42,"column":22}},"locations":[{"start":{"line":32,"column":38},"end":{"line":42,"column":22}}]},"15":{"type":"branch","line":35,"loc":{"start":{"line":35,"column":73},"end":{"line":35,"column":88}},"locations":[{"start":{"line":35,"column":73},"end":{"line":35,"column":88}}]},"16":{"type":"branch","line":35,"loc":{"start":{"line":35,"column":77},"end":{"line":35,"column":90}},"locations":[{"start":{"line":35,"column":77},"end":{"line":35,"column":90}}]},"17":{"type":"branch","line":36,"loc":{"start":{"line":36,"column":29},"end":{"line":36,"column":64}},"locations":[{"start":{"line":36,"column":29},"end":{"line":36,"column":64}}]}},"b":{"0":[4],"1":[18],"2":[11],"3":[11],"4":[4],"5":[7],"6":[3],"7":[0],"8":[11],"9":[7],"10":[3],"11":[8],"12":[4],"13":[0],"14":[11],"15":[1],"16":[10],"17":[1]},"fnMap":{"0":{"name":"DetectionResults","decl":{"start":{"line":3,"column":25},"end":{"line":46,"column":2}},"loc":{"start":{"line":3,"column":25},"end":{"line":46,"column":2}},"line":3},"1":{"name":"formatDetectionMessage","decl":{"start":{"line":19,"column":35},"end":{"line":28,"column":6}},"loc":{"start":{"line":19,"column":35},"end":{"line":28,"column":6}},"line":19},"2":{"name":"onClick","decl":{"start":{"line":36,"column":29},"end":{"line":36,"column":64}},"loc":{"start":{"line":36,"column":29},"end":{"line":36,"column":64}},"line":36}},"f":{"0":4,"1":11,"2":1}}
,"/home/sngflu/IT/devops/frontend/src/components/header/header.jsx": {"path":"/home/sngflu/IT/devops/frontend/src/components/header/header.jsx","all":false,"statementMap":{"0":{"start":{"line":1,"column":0},"end":{"line":1,"column":47}},"1":{"start":{"line":2,"column":0},"end":{"line":2,"column":22}},"3":{"start":{"line":4,"column":0},"end":{"line":4,"column":34}},"4":{"start":{"line":5,"column":0},"end":{"line":5,"column":35}},"6":{"start":{"line":7,"column":0},"end":{"line":7,"column":32}},"7":{"start":{"line":8,"column":0},"end":{"line":8,"column":41}},"8":{"start":{"line":9,"column":0},"end":{"line":9,"column":27}},"9":{"start":{"line":10,"column":0},"end":{"line":10,"column":33}},"10":{"start":{"line":11,"column":0},"end":{"line":11,"column":6}},"12":{"start":{"line":13,"column":0},"end":{"line":13,"column":12}},"13":{"start":{"line":14,"column":0},"end":{"line":14,"column":32}},"14":{"start":{"line":15,"column":0},"end":{"line":15,"column":91}},"15":{"start":{"line":16,"column":0},"end":{"line":16,"column":81}},"16":{"start":{"line":17,"column":0},"end":{"line":17,"column":14}},"18":{"start":{"line":19,"column":0},"end":{"line":19,"column":2}},"20":{"start":{"line":21,"column":0},"end":{"line":21,"column":22}}},"s":{"0":1,"1":1,"3":1,"4":10,"6":10,"7":1,"8":1,"9":1,"10":1,"12":10,"13":10,"14":10,"15":10,"16":10,"18":10,"20":1},"branchMap":{"0":{"type":"branch","line":4,"loc":{"start":{"line":4,"column":15},"end":{"line":19,"column":2}},"locations":[{"start":{"line":4,"column":15},"end":{"line":19,"column":2}}]},"1":{"type":"branch","line":7,"loc":{"start":{"line":7,"column":25},"end":{"line":11,"column":6}},"locations":[{"start":{"line":7,"column":25},"end":{"line":11,"column":6}}]},"2":{"type":"branch","line":15,"loc":{"start":{"line":15,"column":25},"end":{"line":15,"column":46}},"locations":[{"start":{"line":15,"column":25},"end":{"line":15,"column":46}}]}},"b":{"0":[10],"1":[1],"2":[1]},"fnMap":{"0":{"name":"Header","decl":{"start":{"line":4,"column":15},"end":{"line":19,"column":2}},"loc":{"start":{"line":4,"column":15},"end":{"line":19,"column":2}},"line":4},"1":{"name":"handleLogout","decl":{"start":{"line":7,"column":25},"end":{"line":11,"column":6}},"loc":{"start":{"line":7,"column":25},"end":{"line":11,"column":6}},"line":7},"2":{"name":"onClick","decl":{"start":{"line":15,"column":25},"end":{"line":15,"column":46}},"loc":{"start":{"line":15,"column":25},"end":{"line":15,"column":46}},"line":15}},"f":{"0":10,"1":1,"2":1}}
,"/home/sngflu/IT/devops/frontend/src/components/loginPage/login.jsx": {"path":"/home/sngflu/IT/devops/frontend/src/components/loginPage/login.jsx","all":false,"statementMap":{"0":{"start":{"line":1,"column":0},"end":{"line":1,"column":33}},"1":{"start":{"line":2,"column":0},"end":{"line":2,"column":46}},"2":{"start":{"line":3,"column":0},"end":{"line":3,"column":21}},"4":{"start":{"line":5,"column":0},"end":{"line":5,"column":21}},"5":{"start":{"line":6,"column":0},"end":{"line":6,"column":49}},"6":{"start":{"line":7,"column":0},"end":{"line":7,"column":49}},"7":{"start":{"line":8,"column":0},"end":{"line":8,"column":43}},"9":{"start":{"line":10,"column":0},"end":{"line":10,"column":39}},"10":{"start":{"line":11,"column":0},"end":{"line":11,"column":27}},"11":{"start":{"line":12,"column":0},"end":{"line":12,"column":13}},"12":{"start":{"line":13,"column":0},"end":{"line":13,"column":86}},"13":{"start":{"line":14,"column":0},"end":{"line":14,"column":25}},"14":{"start":{"line":15,"column":0},"end":{"line":15,"column":24}},"15":{"start":{"line":16,"column":0},"end":{"line":16,"column":15}},"17":{"start":{"line":18,"column":0},"end":{"line":18,"column":38}},"18":{"start":{"line":19,"column":0},"end":{"line":19,"column":67}},"19":{"start":{"line":20,"column":0},"end":{"line":20,"column":43}},"20":{"start":{"line":21,"column":0},"end":{"line":21,"column":13}},"21":{"start":{"line":22,"column":0},"end":{"line":22,"column":25}},"22":{"start":{"line":23,"column":0},"end":{"line":23,"column":53}},"23":{"start":{"line":24,"column":0},"end":{"line":24,"column":9}},"24":{"start":{"line":25,"column":0},"end":{"line":25,"column":6}},"26":{"start":{"line":27,"column":0},"end":{"line":27,"column":12}},"27":{"start":{"line":28,"column":0},"end":{"line":28,"column":41}},"28":{"start":{"line":29,"column":0},"end":{"line":29,"column":46}},"29":{"start":{"line":30,"column":0},"end":{"line":30,"column":40}},"30":{"start":{"line":31,"column":0},"end":{"line":31,"column":30}},"31":{"start":{"line":32,"column":0},"end":{"line":32,"column":59}},"32":{"start":{"line":33,"column":0},"end":{"line":33,"column":46}},"33":{"start":{"line":34,"column":0},"end":{"line":34,"column":48}},"34":{"start":{"line":35,"column":0},"end":{"line":35,"column":30}},"35":{"start":{"line":36,"column":0},"end":{"line":36,"column":39}},"36":{"start":{"line":37,"column":0},"end":{"line":37,"column":50}},"37":{"start":{"line":38,"column":0},"end":{"line":38,"column":44}},"38":{"start":{"line":39,"column":0},"end":{"line":39,"column":73}},"39":{"start":{"line":40,"column":0},"end":{"line":40,"column":26}},"40":{"start":{"line":41,"column":0},"end":{"line":41,"column":26}},"41":{"start":{"line":42,"column":0},"end":{"line":42,"column":48}},"42":{"start":{"line":43,"column":0},"end":{"line":43,"column":30}},"43":{"start":{"line":44,"column":0},"end":{"line":44,"column":43}},"44":{"start":{"line":45,"column":0},"end":{"line":45,"column":50}},"45":{"start":{"line":46,"column":0},"end":{"line":46,"column":44}},"46":{"start":{"line":47,"column":0},"end":{"line":47,"column":73}},"47":{"start":{"line":48,"column":0},"end":{"line":48,"column":26}},"48":{"start":{"line":49,"column":0},"end":{"line":49,"column":26}},"49":{"start":{"line":50,"column":0},"end":{"line":50,"column":56}},"50":{"start":{"line":51,"column":0},"end":{"line":51,"column":23}},"51":{"start":{"line":52,"column":0},"end":{"line":52,"column":45}},"52":{"start":{"line":53,"column":0},"end":{"line":53,"column":80}},"53":{"start":{"line":54,"column":0},"end":{"line":54,"column":20}},"54":{"start":{"line":55,"column":0},"end":{"line":55,"column":18}},"55":{"start":{"line":56,"column":0},"end":{"line":56,"column":47}},"56":{"start":{"line":57,"column":0},"end":{"line":57,"column":14}},"58":{"start":{"line":59,"column":0},"end":{"line":59,"column":2}},"60":{"start":{"line":61,"column":0},"end":{"line":61,"column":21}}},"s":{"0":1,"1":1,"2":1,"4":1,"5":13,"6":13,"7":13,"9":13,"10":2,"11":2,"12":2,"13":2,"14":2,"15":2,"17":1,"18":1,"19":1,"20":1,"21":2,"22":1,"23":1,"24":2,"26":13,"27":13,"28":13,"29":13,"30":13,"31":13,"32":13,"33":13,"34":13,"35":13,"36":13,"37":13,"38":13,"39":13,"40":13,"41":13,"42":13,"43":13,"44":13,"45":13,"46":13,"47":13,"48":13,"49":13,"50":13,"51":13,"52":13,"53":13,"54":13,"55":13,"56":13,"58":13,"60":1},"branchMap":{"0":{"type":"branch","line":5,"loc":{"start":{"line":5,"column":14},"end":{"line":59,"column":2}},"locations":[{"start":{"line":5,"column":14},"end":{"line":59,"column":2}}]},"1":{"type":"branch","line":32,"loc":{"start":{"line":32,"column":17},"end":{"line":32,"column":59}},"locations":[{"start":{"line":32,"column":17},"end":{"line":32,"column":59}}]},"2":{"type":"branch","line":10,"loc":{"start":{"line":10,"column":25},"end":{"line":25,"column":6}},"locations":[{"start":{"line":10,"column":25},"end":{"line":25,"column":6}}]},"3":{"type":"branch","line":16,"loc":{"start":{"line":16,"column":13},"end":{"line":21,"column":13}},"locations":[{"start":{"line":16,"column":13},"end":{"line":21,"column":13}}]},"4":{"type":"branch","line":22,"loc":{"start":{"line":22,"column":8},"end":{"line":24,"column":9}},"locations":[{"start":{"line":22,"column":8},"end":{"line":24,"column":9}}]},"5":{"type":"branch","line":39,"loc":{"start":{"line":39,"column":38},"end":{"line":39,"column":73}},"locations":[{"start":{"line":39,"column":38},"end":{"line":39,"column":73}}]},"6":{"type":"branch","line":47,"loc":{"start":{"line":47,"column":38},"end":{"line":47,"column":73}},"locations":[{"start":{"line":47,"column":38},"end":{"line":47,"column":73}}]}},"b":{"0":[13],"1":[1],"2":[2],"3":[1],"4":[1],"5":[2],"6":[2]},"fnMap":{"0":{"name":"Login","decl":{"start":{"line":5,"column":14},"end":{"line":59,"column":2}},"loc":{"start":{"line":5,"column":14},"end":{"line":59,"column":2}},"line":5},"1":{"name":"handleSubmit","decl":{"start":{"line":10,"column":25},"end":{"line":25,"column":6}},"loc":{"start":{"line":10,"column":25},"end":{"line":25,"column":6}},"line":10},"2":{"name":"onChange","decl":{"start":{"line":39,"column":38},"end":{"line":39,"column":73}},"loc":{"start":{"line":39,"column":38},"end":{"line":39,"column":73}},"line":39},"3":{"name":"onChange","decl":{"start":{"line":47,"column":38},"end":{"line":47,"column":73}},"loc":{"start":{"line":47,"column":38},"end":{"line":47,"column":73}},"line":47}},"f":{"0":13,"1":2,"2":2,"3":2}}
,"/home/sngflu/IT/devops/frontend/src/components/mainPage/mainPage.jsx": {"path":"/home/sngflu/IT/devops/frontend/src/components/mainPage/mainPage.jsx","all":false,"statementMap":{"0":{"start":{"line":1,"column":0},"end":{"line":1,"column":47}},"1":{"start":{"line":2,"column":0},"end":{"line":2,"column":40}},"2":{"start":{"line":3,"column":0},"end":{"line":3,"column":26}},"3":{"start":{"line":4,"column":0},"end":{"line":4,"column":24}},"4":{"start":{"line":5,"column":0},"end":{"line":5,"column":43}},"5":{"start":{"line":6,"column":0},"end":{"line":6,"column":41}},"6":{"start":{"line":7,"column":0},"end":{"line":7,"column":43}},"7":{"start":{"line":8,"column":0},"end":{"line":8,"column":46}},"9":{"start":{"line":10,"column":0},"end":{"line":10,"column":24}},"10":{"start":{"line":11,"column":0},"end":{"line":11,"column":38}},"11":{"start":{"line":12,"column":0},"end":{"line":12,"column":64}},"12":{"start":{"line":13,"column":0},"end":{"line":13,"column":59}},"13":{"start":{"line":14,"column":0},"end":{"line":14,"column":35}},"14":{"start":{"line":15,"column":0},"end":{"line":15,"column":54}},"16":{"start":{"line":17,"column":0},"end":{"line":17,"column":36}},"17":{"start":{"line":18,"column":0},"end":{"line":18,"column":37}},"18":{"start":{"line":19,"column":0},"end":{"line":19,"column":6}},"20":{"start":{"line":21,"column":0},"end":{"line":21,"column":43}},"21":{"start":{"line":22,"column":0},"end":{"line":22,"column":51}},"22":{"start":{"line":23,"column":0},"end":{"line":23,"column":53}},"23":{"start":{"line":24,"column":0},"end":{"line":24,"column":32}},"24":{"start":{"line":25,"column":0},"end":{"line":25,"column":38}},"25":{"start":{"line":26,"column":0},"end":{"line":26,"column":6}},"27":{"start":{"line":28,"column":0},"end":{"line":28,"column":44}},"28":{"start":{"line":29,"column":0},"end":{"line":29,"column":40}},"29":{"start":{"line":30,"column":0},"end":{"line":30,"column":46}},"31":{"start":{"line":32,"column":0},"end":{"line":32,"column":13}},"32":{"start":{"line":33,"column":0},"end":{"line":33,"column":31}},"33":{"start":{"line":34,"column":0},"end":{"line":34,"column":56}},"34":{"start":{"line":35,"column":0},"end":{"line":35,"column":78}},"35":{"start":{"line":36,"column":0},"end":{"line":36,"column":25}},"36":{"start":{"line":37,"column":0},"end":{"line":37,"column":17}},"37":{"start":{"line":38,"column":0},"end":{"line":38,"column":30}},"38":{"start":{"line":39,"column":0},"end":{"line":39,"column":62}},"39":{"start":{"line":40,"column":0},"end":{"line":40,"column":58}},"40":{"start":{"line":41,"column":0},"end":{"line":41,"column":21}},"41":{"start":{"line":42,"column":0},"end":{"line":42,"column":17}},"42":{"start":{"line":43,"column":0},"end":{"line":43,"column":14}},"43":{"start":{"line":44,"column":0},"end":{"line":44,"column":33}},"44":{"start":{"line":45,"column":0},"end":{"line":45,"column":24}},"45":{"start":{"line":46,"column":0},"end":{"line":46,"column":55}},"46":{"start":{"line":47,"column":0},"end":{"line":47,"column":62}},"47":{"start":{"line":48,"column":0},"end":{"line":48,"column":17}},"48":{"start":{"line":49,"column":0},"end":{"line":49,"column":15}},"49":{"start":{"line":50,"column":0},"end":{"line":50,"column":25}},"50":{"start":{"line":51,"column":0},"end":{"line":51,"column":68}},"51":{"start":{"line":52,"column":0},"end":{"line":52,"column":19}},"52":{"start":{"line":53,"column":0},"end":{"line":53,"column":32}},"53":{"start":{"line":54,"column":0},"end":{"line":54,"column":9}},"54":{"start":{"line":55,"column":0},"end":{"line":55,"column":6}},"56":{"start":{"line":57,"column":0},"end":{"line":57,"column":31}},"57":{"start":{"line":58,"column":0},"end":{"line":58,"column":28}},"58":{"start":{"line":59,"column":0},"end":{"line":59,"column":5}},"60":{"start":{"line":61,"column":0},"end":{"line":61,"column":12}},"61":{"start":{"line":62,"column":0},"end":{"line":62,"column":38}},"62":{"start":{"line":63,"column":0},"end":{"line":63,"column":34}},"63":{"start":{"line":64,"column":0},"end":{"line":64,"column":65}},"64":{"start":{"line":65,"column":0},"end":{"line":65,"column":18}},"65":{"start":{"line":66,"column":0},"end":{"line":66,"column":36}},"66":{"start":{"line":67,"column":0},"end":{"line":67,"column":65}},"67":{"start":{"line":68,"column":0},"end":{"line":68,"column":21}},"68":{"start":{"line":69,"column":0},"end":{"line":69,"column":26}},"69":{"start":{"line":70,"column":0},"end":{"line":70,"column":35}},"70":{"start":{"line":71,"column":0},"end":{"line":71,"column":42}},"71":{"start":{"line":72,"column":0},"end":{"line":72,"column":51}},"72":{"start":{"line":73,"column":0},"end":{"line":73,"column":53}},"73":{"start":{"line":74,"column":0},"end":{"line":74,"column":68}},"74":{"start":{"line":75,"column":0},"end":{"line":75,"column":22}},"75":{"start":{"line":76,"column":0},"end":{"line":76,"column":34}},"76":{"start":{"line":77,"column":0},"end":{"line":77,"column":49}},"77":{"start":{"line":78,"column":0},"end":{"line":78,"column":82}},"78":{"start":{"line":79,"column":0},"end":{"line":79,"column":95}},"79":{"start":{"line":80,"column":0},"end":{"line":80,"column":30}},"80":{"start":{"line":81,"column":0},"end":{"line":81,"column":42}},"81":{"start":{"line":82,"column":0},"end":{"line":82,"column":29}},"82":{"start":{"line":83,"column":0},"end":{"line":83,"column":53}},"83":{"start":{"line":84,"column":0},"end":{"line":84,"column":88}},"84":{"start":{"line":85,"column":0},"end":{"line":85,"column":84}},"85":{"start":{"line":86,"column":0},"end":{"line":86,"column":34}},"86":{"start":{"line":87,"column":0},"end":{"line":87,"column":53}},"87":{"start":{"line":88,"column":0},"end":{"line":88,"column":66}},"88":{"start":{"line":89,"column":0},"end":{"line":89,"column":32}},"89":{"start":{"line":90,"column":0},"end":{"line":90,"column":30}},"91":{"start":{"line":92,"column":0},"end":{"line":92,"column":77}},"93":{"start":{"line":94,"column":0},"end":{"line":94,"column":22}},"94":{"start":{"line":95,"column":0},"end":{"line":95,"column":43}},"96":{"start":{"line":97,"column":0},"end":{"line":97,"column":20}},"97":{"start":{"line":98,"column":0},"end":{"line":98,"column":41}},"98":{"start":{"line":99,"column":0},"end":{"line":99,"column":66}},"99":{"start":{"line":100,"column":0},"end":{"line":100,"column":22}},"100":{"start":{"line":101,"column":0},"end":{"line":101,"column":18}},"101":{"start":{"line":102,"column":0},"end":{"line":102,"column":35}},"102":{"start":{"line":103,"column":0},"end":{"line":103,"column":62}},"103":{"start":{"line":104,"column":0},"end":{"line":104,"column":18}},"104":{"start":{"line":105,"column":0},"end":{"line":105,"column":14}},"106":{"start":{"line":107,"column":0},"end":{"line":107,"column":2}},"108":{"start":{"line":109,"column":0},"end":{"line":109,"column":24}}},"s":{"0":1,"1":1,"2":1,"3":1,"4":1,"5":1,"6":1,"7":1,"9":1,"10":12,"11":12,"12":12,"13":12,"14":12,"16":12,"17":3,"18":3,"20":12,"21":3,"22":3,"23":3,"24":3,"25":3,"27":12,"28":2,"29":2,"31":2,"32":2,"33":2,"34":2,"35":2,"36":2,"37":2,"38":2,"39":2,"40":2,"41":2,"42":2,"43":1,"44":1,"45":1,"46":1,"47":1,"48":1,"49":1,"50":1,"51":2,"52":2,"53":2,"54":2,"56":12,"57":1,"58":1,"60":12,"61":12,"62":12,"63":12,"64":12,"65":12,"66":12,"67":12,"68":12,"69":12,"70":12,"71":12,"72":12,"73":12,"74":12,"75":12,"76":2,"77":2,"78":2,"79":2,"80":10,"81":5,"82":5,"83":5,"84":5,"85":5,"86":5,"87":5,"88":5,"89":5,"91":5,"93":12,"94":12,"96":12,"97":12,"98":12,"99":12,"100":12,"101":12,"102":12,"103":12,"104":12,"106":12,"108":1},"branchMap":{"0":{"type":"branch","line":10,"loc":{"start":{"line":10,"column":17},"end":{"line":107,"column":2}},"locations":[{"start":{"line":10,"column":17},"end":{"line":107,"column":2}}]},"1":{"type":"branch","line":76,"loc":{"start":{"line":76,"column":21},"end":{"line":80,"column":30}},"locations":[{"start":{"line":76,"column":21},"end":{"line":80,"column":30}}]},"2":{"type":"branch","line":80,"loc":{"start":{"line":80,"column":24},"end":{"line":92,"column":77}},"locations":[{"start":{"line":80,"column":24},"end":{"line":92,"column":77}}]},"3":{"type":"branch","line":81,"loc":{"start":{"line":81,"column":24},"end":{"line":90,"column":30}},"locations":[{"start":{"line":81,"column":24},"end":{"line":90,"column":30}}]},"4":{"type":"branch","line":90,"loc":{"start":{"line":90,"column":24},"end":{"line":92,"column":77}},"locations":[{"start":{"line":90,"column":24},"end":{"line":92,"column":77}}]},"5":{"type":"branch","line":17,"loc":{"start":{"line":17,"column":29},"end":{"line":19,"column":6}},"locations":[{"start":{"line":17,"column":29},"end":{"line":19,"column":6}}]},"6":{"type":"branch","line":21,"loc":{"start":{"line":21,"column":31},"end":{"line":26,"column":6}},"locations":[{"start":{"line":21,"column":31},"end":{"line":26,"column":6}}]},"7":{"type":"branch","line":28,"loc":{"start":{"line":28,"column":31},"end":{"line":55,"column":6}},"locations":[{"start":{"line":28,"column":31},"end":{"line":55,"column":6}}]},"8":{"type":"branch","line":43,"loc":{"start":{"line":43,"column":12},"end":{"line":52,"column":10}},"locations":[{"start":{"line":43,"column":12},"end":{"line":52,"column":10}}]},"9":{"type":"branch","line":57,"loc":{"start":{"line":57,"column":24},"end":{"line":59,"column":5}},"locations":[{"start":{"line":57,"column":24},"end":{"line":59,"column":5}}]}},"b":{"0":[12],"1":[2],"2":[10],"3":[5],"4":[5],"5":[3],"6":[3],"7":[2],"8":[1],"9":[1]},"fnMap":{"0":{"name":"MainPage","decl":{"start":{"line":10,"column":17},"end":{"line":107,"column":2}},"loc":{"start":{"line":10,"column":17},"end":{"line":107,"column":2}},"line":10},"1":{"name":"handleFileUpload","decl":{"start":{"line":17,"column":29},"end":{"line":19,"column":6}},"loc":{"start":{"line":17,"column":29},"end":{"line":19,"column":6}},"line":17},"2":{"name":"handleFileSelected","decl":{"start":{"line":21,"column":31},"end":{"line":26,"column":6}},"loc":{"start":{"line":21,"column":31},"end":{"line":26,"column":6}},"line":21},"3":{"name":"sendVideoToBackend","decl":{"start":{"line":28,"column":31},"end":{"line":55,"column":6}},"loc":{"start":{"line":28,"column":31},"end":{"line":55,"column":6}},"line":28},"4":{"name":"goToCatalog","decl":{"start":{"line":57,"column":24},"end":{"line":59,"column":5}},"loc":{"start":{"line":57,"column":24},"end":{"line":59,"column":5}},"line":57}},"f":{"0":12,"1":3,"2":3,"3":2,"4":1}}
,"/home/sngflu/IT/devops/frontend/src/components/registerPage/register.jsx": {"path":"/home/sngflu/IT/devops/frontend/src/components/registerPage/register.jsx","all":false,"statementMap":{"0":{"start":{"line":1,"column":0},"end":{"line":1,"column":33}},"1":{"start":{"line":2,"column":0},"end":{"line":2,"column":46}},"2":{"start":{"line":3,"column":0},"end":{"line":3,"column":24}},"4":{"start":{"line":5,"column":0},"end":{"line":5,"column":24}},"5":{"start":{"line":6,"column":0},"end":{"line":6,"column":49}},"6":{"start":{"line":7,"column":0},"end":{"line":7,"column":49}},"7":{"start":{"line":8,"column":0},"end":{"line":8,"column":43}},"9":{"start":{"line":10,"column":0},"end":{"line":10,"column":39}},"10":{"start":{"line":11,"column":0},"end":{"line":11,"column":27}},"11":{"start":{"line":12,"column":0},"end":{"line":12,"column":13}},"12":{"start":{"line":13,"column":0},"end":{"line":13,"column":89}},"13":{"start":{"line":14,"column":0},"end":{"line":14,"column":25}},"14":{"start":{"line":15,"column":0},"end":{"line":15,"column":24}},"15":{"start":{"line":16,"column":0},"end":{"line":16,"column":15}},"17":{"start":{"line":18,"column":0},"end":{"line":18,"column":38}},"18":{"start":{"line":19,"column":0},"end":{"line":19,"column":67}},"19":{"start":{"line":20,"column":0},"end":{"line":20,"column":43}},"20":{"start":{"line":21,"column":0},"end":{"line":21,"column":13}},"21":{"start":{"line":22,"column":0},"end":{"line":22,"column":25}},"22":{"start":{"line":23,"column":0},"end":{"line":23,"column":77}},"23":{"start":{"line":24,"column":0},"end":{"line":24,"column":9}},"24":{"start":{"line":25,"column":0},"end":{"line":25,"column":6}},"26":{"start":{"line":27,"column":0},"end":{"line":27,"column":12}},"27":{"start":{"line":28,"column":0},"end":{"line":28,"column":44}},"28":{"start":{"line":29,"column":0},"end":{"line":29,"column":49}},"29":{"start":{"line":30,"column":0},"end":{"line":30,"column":43}},"30":{"start":{"line":31,"column":0},"end":{"line":31,"column":33}},"31":{"start":{"line":32,"column":0},"end":{"line":32,"column":59}},"32":{"start":{"line":33,"column":0},"end":{"line":33,"column":46}},"33":{"start":{"line":34,"column":0},"end":{"line":34,"column":48}},"34":{"start":{"line":35,"column":0},"end":{"line":35,"column":30}},"35":{"start":{"line":36,"column":0},"end":{"line":36,"column":39}},"36":{"start":{"line":37,"column":0},"end":{"line":37,"column":50}},"37":{"start":{"line":38,"column":0},"end":{"line":38,"column":44}},"38":{"start":{"line":39,"column":0},"end":{"line":39,"column":73}},"39":{"start":{"line":40,"column":0},"end":{"line":40,"column":26}},"40":{"start":{"line":41,"column":0},"end":{"line":41,"column":26}},"41":{"start":{"line":42,"column":0},"end":{"line":42,"column":48}},"42":{"start":{"line":43,"column":0},"end":{"line":43,"column":30}},"43":{"start":{"line":44,"column":0},"end":{"line":44,"column":43}},"44":{"start":{"line":45,"column":0},"end":{"line":45,"column":50}},"45":{"start":{"line":46,"column":0},"end":{"line":46,"column":44}},"46":{"start":{"line":47,"column":0},"end":{"line":47,"column":73}},"47":{"start":{"line":48,"column":0},"end":{"line":48,"column":26}},"48":{"start":{"line":49,"column":0},"end":{"line":49,"column":26}},"49":{"start":{"line":50,"column":0},"end":{"line":50,"column":59}},"50":{"start":{"line":51,"column":0},"end":{"line":51,"column":23}},"51":{"start":{"line":52,"column":0},"end":{"line":52,"column":42}},"52":{"start":{"line":53,"column":0},"end":{"line":53,"column":76}},"53":{"start":{"line":54,"column":0},"end":{"line":54,"column":20}},"54":{"start":{"line":55,"column":0},"end":{"line":55,"column":18}},"55":{"start":{"line":56,"column":0},"end":{"line":56,"column":50}},"56":{"start":{"line":57,"column":0},"end":{"line":57,"column":14}},"58":{"start":{"line":59,"column":0},"end":{"line":59,"column":2}},"60":{"start":{"line":61,"column":0},"end":{"line":61,"column":24}}},"s":{"0":1,"1":1,"2":1,"4":1,"5":12,"6":12,"7":12,"9":12,"10":3,"11":3,"12":3,"13":3,"14":3,"15":3,"17":1,"18":1,"19":1,"20":1,"21":3,"22":2,"23":2,"24":3,"26":12,"27":12,"28":12,"29":12,"30":12,"31":12,"32":12,"33":12,"34":12,"35":12,"36":12,"37":12,"38":12,"39":12,"40":12,"41":12,"42":12,"43":12,"44":12,"45":12,"46":12,"47":12,"48":12,"49":12,"50":12,"51":12,"52":12,"53":12,"54":12,"55":12,"56":12,"58":12,"60":1},"branchMap":{"0":{"type":"branch","line":5,"loc":{"start":{"line":5,"column":17},"end":{"line":59,"column":2}},"locations":[{"start":{"line":5,"column":17},"end":{"line":59,"column":2}}]},"1":{"type":"branch","line":32,"loc":{"start":{"line":32,"column":17},"end":{"line":32,"column":59}},"locations":[{"start":{"line":32,"column":17},"end":{"line":32,"column":59}}]},"2":{"type":"branch","line":10,"loc":{"start":{"line":10,"column":25},"end":{"line":25,"column":6}},"locations":[{"start":{"line":10,"column":25},"end":{"line":25,"column":6}}]},"3":{"type":"branch","line":16,"loc":{"start":{"line":16,"column":13},"end":{"line":21,"column":13}},"locations":[{"start":{"line":16,"column":13},"end":{"line":21,"column":13}}]},"4":{"type":"branch","line":22,"loc":{"start":{"line":22,"column":8},"end":{"line":24,"column":9}},"locations":[{"start":{"line":22,"column":8},"end":{"line":24,"column":9}}]},"5":{"type":"branch","line":23,"loc":{"start":{"line":23,"column":43},"end":{"line":23,"column":75}},"locations":[{"start":{"line":23,"column":43},"end":{"line":23,"column":75}}]},"6":{"type":"branch","line":39,"loc":{"start":{"line":39,"column":38},"end":{"line":39,"column":73}},"locations":[{"start":{"line":39,"column":38},"end":{"line":39,"column":73}}]},"7":{"type":"branch","line":47,"loc":{"start":{"line":47,"column":38},"end":{"line":47,"column":73}},"locations":[{"start":{"line":47,"column":38},"end":{"line":47,"column":73}}]}},"b":{"0":[12],"1":[2],"2":[3],"3":[1],"4":[2],"5":[1],"6":[3],"7":[3]},"fnMap":{"0":{"name":"Register","decl":{"start":{"line":5,"column":17},"end":{"line":59,"column":2}},"loc":{"start":{"line":5,"column":17},"end":{"line":59,"column":2}},"line":5},"1":{"name":"handleSubmit","decl":{"start":{"line":10,"column":25},"end":{"line":25,"column":6}},"loc":{"start":{"line":10,"column":25},"end":{"line":25,"column":6}},"line":10},"2":{"name":"onChange","decl":{"start":{"line":39,"column":38},"end":{"line":39,"column":73}},"loc":{"start":{"line":39,"column":38},"end":{"line":39,"column":73}},"line":39},"3":{"name":"onChange","decl":{"start":{"line":47,"column":38},"end":{"line":47,"column":73}},"loc":{"start":{"line":47,"column":38},"end":{"line":47,"column":73}},"line":47}},"f":{"0":12,"1":3,"2":3,"3":3}}
,"/home/sngflu/IT/devops/frontend/src/components/resultPage/resultPage.jsx": {"path":"/home/sngflu/IT/devops/frontend/src/components/resultPage/resultPage.jsx","all":false,"statementMap":{"0":{"start":{"line":1,"column":0},"end":{"line":1,"column":53}},"1":{"start":{"line":2,"column":0},"end":{"line":2,"column":52}},"2":{"start":{"line":3,"column":0},"end":{"line":3,"column":39}},"3":{"start":{"line":4,"column":0},"end":{"line":4,"column":67}},"4":{"start":{"line":5,"column":0},"end":{"line":5,"column":26}},"6":{"start":{"line":7,"column":0},"end":{"line":7,"column":26}},"7":{"start":{"line":8,"column":0},"end":{"line":8,"column":36}},"8":{"start":{"line":9,"column":0},"end":{"line":9,"column":49}},"9":{"start":{"line":10,"column":0},"end":{"line":10,"column":59}},"10":{"start":{"line":11,"column":0},"end":{"line":11,"column":35}},"11":{"start":{"line":12,"column":0},"end":{"line":12,"column":48}},"13":{"start":{"line":14,"column":0},"end":{"line":14,"column":21}},"14":{"start":{"line":15,"column":0},"end":{"line":15,"column":40}},"15":{"start":{"line":16,"column":0},"end":{"line":16,"column":17}},"16":{"start":{"line":17,"column":0},"end":{"line":17,"column":96}},"17":{"start":{"line":18,"column":0},"end":{"line":18,"column":30}},"18":{"start":{"line":19,"column":0},"end":{"line":19,"column":58}},"19":{"start":{"line":20,"column":0},"end":{"line":20,"column":21}},"20":{"start":{"line":21,"column":0},"end":{"line":21,"column":19}},"22":{"start":{"line":23,"column":0},"end":{"line":23,"column":34}},"23":{"start":{"line":24,"column":0},"end":{"line":24,"column":55}},"24":{"start":{"line":25,"column":0},"end":{"line":25,"column":42}},"25":{"start":{"line":26,"column":0},"end":{"line":26,"column":17}},"26":{"start":{"line":27,"column":0},"end":{"line":27,"column":29}},"27":{"start":{"line":28,"column":0},"end":{"line":28,"column":62}},"28":{"start":{"line":29,"column":0},"end":{"line":29,"column":13}},"29":{"start":{"line":30,"column":0},"end":{"line":30,"column":10}},"31":{"start":{"line":32,"column":0},"end":{"line":32,"column":21}},"32":{"start":{"line":33,"column":0},"end":{"line":33,"column":33}},"34":{"start":{"line":35,"column":0},"end":{"line":35,"column":40}},"35":{"start":{"line":36,"column":0},"end":{"line":36,"column":23}},"36":{"start":{"line":37,"column":0},"end":{"line":37,"column":17}},"37":{"start":{"line":38,"column":0},"end":{"line":38,"column":55}},"38":{"start":{"line":39,"column":0},"end":{"line":39,"column":51}},"39":{"start":{"line":40,"column":0},"end":{"line":40,"column":62}},"40":{"start":{"line":41,"column":0},"end":{"line":41,"column":57}},"41":{"start":{"line":42,"column":0},"end":{"line":42,"column":40}},"42":{"start":{"line":43,"column":0},"end":{"line":43,"column":48}},"43":{"start":{"line":44,"column":0},"end":{"line":44,"column":48}},"44":{"start":{"line":45,"column":0},"end":{"line":45,"column":29}},"45":{"start":{"line":46,"column":0},"end":{"line":46,"column":48}},"46":{"start":{"line":47,"column":0},"end":{"line":47,"column":49}},"47":{"start":{"line":48,"column":0},"end":{"line":48,"column":29}},"48":{"start":{"line":49,"column":0},"end":{"line":49,"column":56}},"49":{"start":{"line":50,"column":0},"end":{"line":50,"column":13}},"50":{"start":{"line":51,"column":0},"end":{"line":51,"column":9}},"51":{"start":{"line":52,"column":0},"end":{"line":52,"column":6}},"53":{"start":{"line":54,"column":0},"end":{"line":54,"column":46}},"54":{"start":{"line":55,"column":0},"end":{"line":55,"column":37}},"55":{"start":{"line":56,"column":0},"end":{"line":56,"column":32}},"56":{"start":{"line":57,"column":0},"end":{"line":57,"column":44}},"57":{"start":{"line":58,"column":0},"end":{"line":58,"column":56}},"58":{"start":{"line":59,"column":0},"end":{"line":59,"column":9}},"59":{"start":{"line":60,"column":0},"end":{"line":60,"column":6}},"61":{"start":{"line":62,"column":0},"end":{"line":62,"column":12}},"62":{"start":{"line":63,"column":0},"end":{"line":63,"column":40}},"63":{"start":{"line":64,"column":0},"end":{"line":64,"column":44}},"64":{"start":{"line":65,"column":0},"end":{"line":65,"column":27}},"66":{"start":{"line":67,"column":0},"end":{"line":67,"column":48}},"67":{"start":{"line":68,"column":0},"end":{"line":68,"column":52}},"68":{"start":{"line":69,"column":0},"end":{"line":69,"column":38}},"69":{"start":{"line":70,"column":0},"end":{"line":70,"column":40}},"70":{"start":{"line":71,"column":0},"end":{"line":71,"column":47}},"71":{"start":{"line":72,"column":0},"end":{"line":72,"column":46}},"72":{"start":{"line":73,"column":0},"end":{"line":73,"column":40}},"73":{"start":{"line":74,"column":0},"end":{"line":74,"column":47}},"74":{"start":{"line":75,"column":0},"end":{"line":75,"column":41}},"75":{"start":{"line":76,"column":0},"end":{"line":76,"column":43}},"76":{"start":{"line":77,"column":0},"end":{"line":77,"column":53}},"77":{"start":{"line":78,"column":0},"end":{"line":78,"column":71}},"78":{"start":{"line":79,"column":0},"end":{"line":79,"column":68}},"79":{"start":{"line":80,"column":0},"end":{"line":80,"column":41}},"80":{"start":{"line":81,"column":0},"end":{"line":81,"column":37}},"81":{"start":{"line":82,"column":0},"end":{"line":82,"column":34}},"82":{"start":{"line":83,"column":0},"end":{"line":83,"column":30}},"84":{"start":{"line":85,"column":0},"end":{"line":85,"column":26}},"85":{"start":{"line":86,"column":0},"end":{"line":86,"column":45}},"86":{"start":{"line":87,"column":0},"end":{"line":87,"column":37}},"87":{"start":{"line":88,"column":0},"end":{"line":88,"column":49}},"88":{"start":{"line":89,"column":0},"end":{"line":89,"column":31}},"89":{"start":{"line":90,"column":0},"end":{"line":90,"column":74}},"90":{"start":{"line":91,"column":0},"end":{"line":91,"column":26}},"91":{"start":{"line":92,"column":0},"end":{"line":92,"column":22}},"93":{"start":{"line":94,"column":0},"end":{"line":94,"column":53}},"94":{"start":{"line":95,"column":0},"end":{"line":95,"column":42}},"95":{"start":{"line":96,"column":0},"end":{"line":96,"column":55}},"96":{"start":{"line":97,"column":0},"end":{"line":97,"column":41}},"97":{"start":{"line":98,"column":0},"end":{"line":98,"column":62}},"98":{"start":{"line":99,"column":0},"end":{"line":99,"column":58}},"99":{"start":{"line":100,"column":0},"end":{"line":100,"column":55}},"100":{"start":{"line":101,"column":0},"end":{"line":101,"column":26}},"101":{"start":{"line":102,"column":0},"end":{"line":102,"column":26}},"102":{"start":{"line":103,"column":0},"end":{"line":103,"column":22}},"103":{"start":{"line":104,"column":0},"end":{"line":104,"column":18}},"104":{"start":{"line":105,"column":0},"end":{"line":105,"column":14}},"106":{"start":{"line":107,"column":0},"end":{"line":107,"column":2}},"108":{"start":{"line":109,"column":0},"end":{"line":109,"column":26}}},"s":{"0":1,"1":1,"2":1,"3":1,"4":1,"6":1,"7":13,"8":13,"9":13,"10":13,"11":13,"13":13,"14":6,"15":6,"16":6,"17":6,"18":6,"19":6,"20":6,"22":5,"23":5,"24":5,"25":5,"26":6,"27":1,"28":1,"29":6,"31":6,"32":13,"34":13,"35":2,"36":2,"37":2,"38":1,"39":1,"40":1,"41":1,"42":1,"43":1,"44":1,"45":1,"46":1,"47":1,"48":1,"49":1,"50":2,"51":2,"53":13,"54":1,"55":1,"56":0,"57":0,"58":0,"59":1,"61":13,"62":13,"63":13,"64":13,"66":13,"67":13,"68":13,"69":6,"70":6,"71":6,"72":6,"73":6,"74":6,"75":6,"76":6,"77":6,"78":6,"79":6,"80":6,"81":6,"82":6,"84":13,"85":13,"86":13,"87":13,"88":13,"89":13,"90":13,"91":13,"93":13,"94":13,"95":13,"96":13,"97":13,"98":13,"99":13,"100":13,"101":13,"102":13,"103":13,"104":13,"106":13,"108":1},"branchMap":{"0":{"type":"branch","line":7,"loc":{"start":{"line":7,"column":19},"end":{"line":107,"column":2}},"locations":[{"start":{"line":7,"column":19},"end":{"line":107,"column":2}}]},"1":{"type":"branch","line":69,"loc":{"start":{"line":69,"column":25},"end":{"line":83,"column":30}},"locations":[{"start":{"line":69,"column":25},"end":{"line":83,"column":30}}]},"2":{"type":"branch","line":14,"loc":{"start":{"line":14,"column":14},"end":{"line":33,"column":7}},"locations":[{"start":{"line":14,"column":14},"end":{"line":33,"column":7}}]},"3":{"type":"branch","line":15,"loc":{"start":{"line":15,"column":27},"end":{"line":30,"column":10}},"locations":[{"start":{"line":15,"column":27},"end":{"line":30,"column":10}}]},"4":{"type":"branch","line":21,"loc":{"start":{"line":21,"column":17},"end":{"line":26,"column":17}},"locations":[{"start":{"line":21,"column":17},"end":{"line":26,"column":17}}]},"5":{"type":"branch","line":27,"loc":{"start":{"line":27,"column":12},"end":{"line":29,"column":13}},"locations":[{"start":{"line":27,"column":12},"end":{"line":29,"column":13}}]},"6":{"type":"branch","line":35,"loc":{"start":{"line":35,"column":27},"end":{"line":52,"column":6}},"locations":[{"start":{"line":35,"column":27},"end":{"line":52,"column":6}}]},"7":{"type":"branch","line":38,"loc":{"start":{"line":38,"column":53},"end":{"line":50,"column":13}},"locations":[{"start":{"line":38,"column":53},"end":{"line":50,"column":13}}]},"8":{"type":"branch","line":54,"loc":{"start":{"line":54,"column":28},"end":{"line":60,"column":6}},"locations":[{"start":{"line":54,"column":28},"end":{"line":60,"column":6}}]},"9":{"type":"branch","line":56,"loc":{"start":{"line":56,"column":31},"end":{"line":59,"column":9}},"locations":[{"start":{"line":56,"column":31},"end":{"line":59,"column":9}}]}},"b":{"0":[13],"1":[6],"2":[6],"3":[6],"4":[5],"5":[1],"6":[2],"7":[1],"8":[1],"9":[0]},"fnMap":{"0":{"name":"ResultPage","decl":{"start":{"line":7,"column":19},"end":{"line":107,"column":2}},"loc":{"start":{"line":7,"column":19},"end":{"line":107,"column":2}},"line":7},"1":{"name":"fetchVideo","decl":{"start":{"line":15,"column":27},"end":{"line":30,"column":10}},"loc":{"start":{"line":15,"column":27},"end":{"line":30,"column":10}},"line":15},"2":{"name":"handleDownload","decl":{"start":{"line":35,"column":27},"end":{"line":52,"column":6}},"loc":{"start":{"line":35,"column":27},"end":{"line":52,"column":6}},"line":35},"3":{"name":"handleFrameSeek","decl":{"start":{"line":54,"column":28},"end":{"line":60,"column":6}},"loc":{"start":{"line":54,"column":28},"end":{"line":60,"column":6}},"line":54}},"f":{"0":13,"1":6,"2":2,"3":1}}
,"/home/sngflu/IT/devops/frontend/src/components/videoCatalog/videoCatalog.jsx": {"path":"/home/sngflu/IT/devops/frontend/src/components/videoCatalog/videoCatalog.jsx","all":false,"statementMap":{"0":{"start":{"line":1,"column":0},"end":{"line":1,"column":51}},"1":{"start":{"line":2,"column":0},"end":{"line":2,"column":40}},"2":{"start":{"line":3,"column":0},"end":{"line":3,"column":39}},"3":{"start":{"line":4,"column":0},"end":{"line":4,"column":26}},"4":{"start":{"line":5,"column":0},"end":{"line":5,"column":28}},"6":{"start":{"line":7,"column":0},"end":{"line":7,"column":28}},"7":{"start":{"line":8,"column":0},"end":{"line":8,"column":45}},"8":{"start":{"line":9,"column":0},"end":{"line":9,"column":61}},"9":{"start":{"line":10,"column":0},"end":{"line":10,"column":41}},"10":{"start":{"line":11,"column":0},"end":{"line":11,"column":59}},"11":{"start":{"line":12,"column":0},"end":{"line":12,"column":47}},"12":{"start":{"line":13,"column":0},"end":{"line":13,"column":49}},"13":{"start":{"line":14,"column":0},"end":{"line":14,"column":59}},"14":{"start":{"line":15,"column":0},"end":{"line":15,"column":48}},"16":{"start":{"line":17,"column":0},"end":{"line":17,"column":21}},"17":{"start":{"line":18,"column":0},"end":{"line":18,"column":21}},"18":{"start":{"line":19,"column":0},"end":{"line":19,"column":11}},"20":{"start":{"line":21,"column":0},"end":{"line":21,"column":36}},"21":{"start":{"line":22,"column":0},"end":{"line":22,"column":13}},"22":{"start":{"line":23,"column":0},"end":{"line":23,"column":78}},"23":{"start":{"line":24,"column":0},"end":{"line":24,"column":61}},"24":{"start":{"line":25,"column":0},"end":{"line":25,"column":15}},"25":{"start":{"line":26,"column":0},"end":{"line":26,"column":37}},"26":{"start":{"line":27,"column":0},"end":{"line":27,"column":25}},"27":{"start":{"line":28,"column":0},"end":{"line":28,"column":58}},"28":{"start":{"line":29,"column":0},"end":{"line":29,"column":9}},"29":{"start":{"line":30,"column":0},"end":{"line":30,"column":6}},"31":{"start":{"line":32,"column":0},"end":{"line":32,"column":47}},"32":{"start":{"line":33,"column":0},"end":{"line":33,"column":33}},"34":{"start":{"line":35,"column":0},"end":{"line":35,"column":30}},"36":{"start":{"line":37,"column":0},"end":{"line":37,"column":13}},"37":{"start":{"line":38,"column":0},"end":{"line":38,"column":49}},"38":{"start":{"line":39,"column":0},"end":{"line":39,"column":70}},"39":{"start":{"line":40,"column":0},"end":{"line":40,"column":65}},"40":{"start":{"line":41,"column":0},"end":{"line":41,"column":14}},"42":{"start":{"line":43,"column":0},"end":{"line":43,"column":46}},"43":{"start":{"line":44,"column":0},"end":{"line":44,"column":64}},"44":{"start":{"line":45,"column":0},"end":{"line":45,"column":65}},"45":{"start":{"line":46,"column":0},"end":{"line":46,"column":14}},"47":{"start":{"line":48,"column":0},"end":{"line":48,"column":35}},"48":{"start":{"line":49,"column":0},"end":{"line":49,"column":56}},"49":{"start":{"line":50,"column":0},"end":{"line":50,"column":38}},"50":{"start":{"line":51,"column":0},"end":{"line":51,"column":13}},"52":{"start":{"line":53,"column":0},"end":{"line":53,"column":36}},"53":{"start":{"line":54,"column":0},"end":{"line":54,"column":39}},"54":{"start":{"line":55,"column":0},"end":{"line":55,"column":25}},"55":{"start":{"line":56,"column":0},"end":{"line":56,"column":66}},"56":{"start":{"line":57,"column":0},"end":{"line":57,"column":9}},"57":{"start":{"line":58,"column":0},"end":{"line":58,"column":6}},"59":{"start":{"line":60,"column":0},"end":{"line":60,"column":40}},"60":{"start":{"line":61,"column":0},"end":{"line":61,"column":40}},"61":{"start":{"line":62,"column":0},"end":{"line":62,"column":17}},"62":{"start":{"line":63,"column":0},"end":{"line":63,"column":55}},"63":{"start":{"line":64,"column":0},"end":{"line":64,"column":35}},"64":{"start":{"line":65,"column":0},"end":{"line":65,"column":89}},"65":{"start":{"line":66,"column":0},"end":{"line":66,"column":17}},"66":{"start":{"line":67,"column":0},"end":{"line":67,"column":51}},"67":{"start":{"line":68,"column":0},"end":{"line":68,"column":62}},"68":{"start":{"line":69,"column":0},"end":{"line":69,"column":57}},"69":{"start":{"line":70,"column":0},"end":{"line":70,"column":40}},"70":{"start":{"line":71,"column":0},"end":{"line":71,"column":86}},"71":{"start":{"line":72,"column":0},"end":{"line":72,"column":48}},"72":{"start":{"line":73,"column":0},"end":{"line":73,"column":29}},"73":{"start":{"line":74,"column":0},"end":{"line":74,"column":48}},"74":{"start":{"line":75,"column":0},"end":{"line":75,"column":49}},"75":{"start":{"line":76,"column":0},"end":{"line":76,"column":29}},"76":{"start":{"line":77,"column":0},"end":{"line":77,"column":69}},"77":{"start":{"line":78,"column":0},"end":{"line":78,"column":13}},"78":{"start":{"line":79,"column":0},"end":{"line":79,"column":9}},"79":{"start":{"line":80,"column":0},"end":{"line":80,"column":6}},"81":{"start":{"line":82,"column":0},"end":{"line":82,"column":43}},"82":{"start":{"line":83,"column":0},"end":{"line":83,"column":76}},"84":{"start":{"line":85,"column":0},"end":{"line":85,"column":13}},"85":{"start":{"line":86,"column":0},"end":{"line":86,"column":82}},"86":{"start":{"line":87,"column":0},"end":{"line":87,"column":61}},"87":{"start":{"line":88,"column":0},"end":{"line":88,"column":15}},"88":{"start":{"line":89,"column":0},"end":{"line":89,"column":73}},"89":{"start":{"line":90,"column":0},"end":{"line":90,"column":61}},"90":{"start":{"line":91,"column":0},"end":{"line":91,"column":39}},"91":{"start":{"line":92,"column":0},"end":{"line":92,"column":28}},"92":{"start":{"line":93,"column":0},"end":{"line":93,"column":32}},"93":{"start":{"line":94,"column":0},"end":{"line":94,"column":13}},"94":{"start":{"line":95,"column":0},"end":{"line":95,"column":25}},"95":{"start":{"line":96,"column":0},"end":{"line":96,"column":58}},"96":{"start":{"line":97,"column":0},"end":{"line":97,"column":9}},"97":{"start":{"line":98,"column":0},"end":{"line":98,"column":6}},"99":{"start":{"line":100,"column":0},"end":{"line":100,"column":55}},"100":{"start":{"line":101,"column":0},"end":{"line":101,"column":58}},"101":{"start":{"line":102,"column":0},"end":{"line":102,"column":20}},"102":{"start":{"line":103,"column":0},"end":{"line":103,"column":38}},"103":{"start":{"line":104,"column":0},"end":{"line":104,"column":38}},"104":{"start":{"line":105,"column":0},"end":{"line":105,"column":46}},"105":{"start":{"line":106,"column":0},"end":{"line":106,"column":47}},"106":{"start":{"line":107,"column":0},"end":{"line":107,"column":45}},"107":{"start":{"line":108,"column":0},"end":{"line":108,"column":47}},"108":{"start":{"line":109,"column":0},"end":{"line":109,"column":49}},"109":{"start":{"line":110,"column":0},"end":{"line":110,"column":49}},"110":{"start":{"line":111,"column":0},"end":{"line":111,"column":77}},"111":{"start":{"line":112,"column":0},"end":{"line":112,"column":9}},"112":{"start":{"line":113,"column":0},"end":{"line":113,"column":30}},"113":{"start":{"line":114,"column":0},"end":{"line":114,"column":6}},"115":{"start":{"line":116,"column":0},"end":{"line":116,"column":46}},"116":{"start":{"line":117,"column":0},"end":{"line":117,"column":28}},"117":{"start":{"line":118,"column":0},"end":{"line":118,"column":46}},"118":{"start":{"line":119,"column":0},"end":{"line":119,"column":17}},"119":{"start":{"line":120,"column":0},"end":{"line":120,"column":49}},"120":{"start":{"line":121,"column":0},"end":{"line":121,"column":69}},"121":{"start":{"line":122,"column":0},"end":{"line":122,"column":42}},"122":{"start":{"line":123,"column":0},"end":{"line":123,"column":69}},"123":{"start":{"line":124,"column":0},"end":{"line":124,"column":18}},"125":{"start":{"line":126,"column":0},"end":{"line":126,"column":43}},"126":{"start":{"line":127,"column":0},"end":{"line":127,"column":56}},"127":{"start":{"line":128,"column":0},"end":{"line":128,"column":102}},"128":{"start":{"line":129,"column":0},"end":{"line":129,"column":21}},"129":{"start":{"line":130,"column":0},"end":{"line":130,"column":29}},"130":{"start":{"line":131,"column":0},"end":{"line":131,"column":20}},"132":{"start":{"line":133,"column":0},"end":{"line":133,"column":38}},"133":{"start":{"line":134,"column":0},"end":{"line":134,"column":31}},"134":{"start":{"line":135,"column":0},"end":{"line":135,"column":29}},"135":{"start":{"line":136,"column":0},"end":{"line":136,"column":62}},"136":{"start":{"line":137,"column":0},"end":{"line":137,"column":13}},"137":{"start":{"line":138,"column":0},"end":{"line":138,"column":16}},"138":{"start":{"line":139,"column":0},"end":{"line":139,"column":44}},"139":{"start":{"line":140,"column":0},"end":{"line":140,"column":44}},"140":{"start":{"line":141,"column":0},"end":{"line":141,"column":9}},"141":{"start":{"line":142,"column":0},"end":{"line":142,"column":6}},"143":{"start":{"line":144,"column":0},"end":{"line":144,"column":42}},"144":{"start":{"line":145,"column":0},"end":{"line":145,"column":44}},"145":{"start":{"line":146,"column":0},"end":{"line":146,"column":41}},"147":{"start":{"line":148,"column":0},"end":{"line":148,"column":44}},"148":{"start":{"line":149,"column":0},"end":{"line":149,"column":35}},"150":{"start":{"line":151,"column":0},"end":{"line":151,"column":54}},"151":{"start":{"line":152,"column":0},"end":{"line":152,"column":49}},"152":{"start":{"line":153,"column":0},"end":{"line":153,"column":47}},"153":{"start":{"line":154,"column":0},"end":{"line":154,"column":11}},"154":{"start":{"line":155,"column":0},"end":{"line":155,"column":6}},"156":{"start":{"line":157,"column":0},"end":{"line":157,"column":45}},"157":{"start":{"line":158,"column":0},"end":{"line":158,"column":37}},"158":{"start":{"line":159,"column":0},"end":{"line":159,"column":68}},"159":{"start":{"line":160,"column":0},"end":{"line":160,"column":20}},"160":{"start":{"line":161,"column":0},"end":{"line":161,"column":51}},"161":{"start":{"line":162,"column":0},"end":{"line":162,"column":46}},"162":{"start":{"line":163,"column":0},"end":{"line":163,"column":25}},"163":{"start":{"line":164,"column":0},"end":{"line":164,"column":30}},"164":{"start":{"line":165,"column":0},"end":{"line":165,"column":30}},"165":{"start":{"line":166,"column":0},"end":{"line":166,"column":20}},"166":{"start":{"line":167,"column":0},"end":{"line":167,"column":9}},"167":{"start":{"line":168,"column":0},"end":{"line":168,"column":6}},"169":{"start":{"line":170,"column":0},"end":{"line":170,"column":57}},"170":{"start":{"line":171,"column":0},"end":{"line":171,"column":40}},"171":{"start":{"line":172,"column":0},"end":{"line":172,"column":48}},"172":{"start":{"line":173,"column":0},"end":{"line":173,"column":33}},"173":{"start":{"line":174,"column":0},"end":{"line":174,"column":38}},"174":{"start":{"line":175,"column":0},"end":{"line":175,"column":32}},"175":{"start":{"line":176,"column":0},"end":{"line":176,"column":37}},"176":{"start":{"line":177,"column":0},"end":{"line":177,"column":9}},"177":{"start":{"line":178,"column":0},"end":{"line":178,"column":18}},"178":{"start":{"line":179,"column":0},"end":{"line":179,"column":6}},"180":{"start":{"line":181,"column":0},"end":{"line":181,"column":12}},"181":{"start":{"line":182,"column":0},"end":{"line":182,"column":43}},"182":{"start":{"line":183,"column":0},"end":{"line":183,"column":40}},"183":{"start":{"line":184,"column":0},"end":{"line":184,"column":48}},"184":{"start":{"line":185,"column":0},"end":{"line":185,"column":45}},"185":{"start":{"line":186,"column":0},"end":{"line":186,"column":33}},"186":{"start":{"line":187,"column":0},"end":{"line":187,"column":66}},"187":{"start":{"line":188,"column":0},"end":{"line":188,"column":27}},"188":{"start":{"line":189,"column":0},"end":{"line":189,"column":22}},"189":{"start":{"line":190,"column":0},"end":{"line":190,"column":40}},"190":{"start":{"line":191,"column":0},"end":{"line":191,"column":24}},"191":{"start":{"line":192,"column":0},"end":{"line":192,"column":44}},"192":{"start":{"line":193,"column":0},"end":{"line":193,"column":110}},"194":{"start":{"line":195,"column":0},"end":{"line":195,"column":69}},"195":{"start":{"line":196,"column":0},"end":{"line":196,"column":64}},"196":{"start":{"line":197,"column":0},"end":{"line":197,"column":38}},"197":{"start":{"line":198,"column":0},"end":{"line":198,"column":47}},"198":{"start":{"line":199,"column":0},"end":{"line":199,"column":51}},"199":{"start":{"line":200,"column":0},"end":{"line":200,"column":80}},"200":{"start":{"line":201,"column":0},"end":{"line":201,"column":72}},"201":{"start":{"line":202,"column":0},"end":{"line":202,"column":55}},"202":{"start":{"line":203,"column":0},"end":{"line":203,"column":64}},"203":{"start":{"line":204,"column":0},"end":{"line":204,"column":67}},"204":{"start":{"line":205,"column":0},"end":{"line":205,"column":41}},"205":{"start":{"line":206,"column":0},"end":{"line":206,"column":38}},"206":{"start":{"line":207,"column":0},"end":{"line":207,"column":45}},"207":{"start":{"line":208,"column":0},"end":{"line":208,"column":34}},"209":{"start":{"line":210,"column":0},"end":{"line":210,"column":62}},"211":{"start":{"line":212,"column":0},"end":{"line":212,"column":91}},"212":{"start":{"line":213,"column":0},"end":{"line":213,"column":64}},"213":{"start":{"line":214,"column":0},"end":{"line":214,"column":30}},"214":{"start":{"line":215,"column":0},"end":{"line":215,"column":55}},"215":{"start":{"line":216,"column":0},"end":{"line":216,"column":35}},"216":{"start":{"line":217,"column":0},"end":{"line":217,"column":71}},"217":{"start":{"line":218,"column":0},"end":{"line":218,"column":54}},"219":{"start":{"line":220,"column":0},"end":{"line":220,"column":85}},"220":{"start":{"line":221,"column":0},"end":{"line":221,"column":37}},"221":{"start":{"line":222,"column":0},"end":{"line":222,"column":35}},"222":{"start":{"line":223,"column":0},"end":{"line":223,"column":49}},"223":{"start":{"line":224,"column":0},"end":{"line":224,"column":56}},"224":{"start":{"line":225,"column":0},"end":{"line":225,"column":56}},"225":{"start":{"line":226,"column":0},"end":{"line":226,"column":34}},"226":{"start":{"line":227,"column":0},"end":{"line":227,"column":54}},"227":{"start":{"line":228,"column":0},"end":{"line":228,"column":29}},"229":{"start":{"line":230,"column":0},"end":{"line":230,"column":37}},"230":{"start":{"line":231,"column":0},"end":{"line":231,"column":30}},"231":{"start":{"line":232,"column":0},"end":{"line":232,"column":26}},"232":{"start":{"line":233,"column":0},"end":{"line":233,"column":19}},"233":{"start":{"line":234,"column":0},"end":{"line":234,"column":18}},"235":{"start":{"line":236,"column":0},"end":{"line":236,"column":31}},"236":{"start":{"line":237,"column":0},"end":{"line":237,"column":46}},"237":{"start":{"line":238,"column":0},"end":{"line":238,"column":58}},"238":{"start":{"line":239,"column":0},"end":{"line":239,"column":48}},"239":{"start":{"line":240,"column":0},"end":{"line":240,"column":62}},"240":{"start":{"line":241,"column":0},"end":{"line":241,"column":42}},"241":{"start":{"line":242,"column":0},"end":{"line":242,"column":44}},"242":{"start":{"line":243,"column":0},"end":{"line":243,"column":50}},"243":{"start":{"line":244,"column":0},"end":{"line":244,"column":48}},"244":{"start":{"line":245,"column":0},"end":{"line":245,"column":49}},"245":{"start":{"line":246,"column":0},"end":{"line":246,"column":44}},"246":{"start":{"line":247,"column":0},"end":{"line":247,"column":51}},"247":{"start":{"line":248,"column":0},"end":{"line":248,"column":60}},"248":{"start":{"line":249,"column":0},"end":{"line":249,"column":45}},"249":{"start":{"line":250,"column":0},"end":{"line":250,"column":47}},"250":{"start":{"line":251,"column":0},"end":{"line":251,"column":57}},"251":{"start":{"line":252,"column":0},"end":{"line":252,"column":72}},"252":{"start":{"line":253,"column":0},"end":{"line":253,"column":45}},"253":{"start":{"line":254,"column":0},"end":{"line":254,"column":41}},"254":{"start":{"line":255,"column":0},"end":{"line":255,"column":38}},"255":{"start":{"line":256,"column":0},"end":{"line":256,"column":34}},"257":{"start":{"line":258,"column":0},"end":{"line":258,"column":30}},"258":{"start":{"line":259,"column":0},"end":{"line":259,"column":56}},"259":{"start":{"line":260,"column":0},"end":{"line":260,"column":51}},"260":{"start":{"line":261,"column":0},"end":{"line":261,"column":55}},"261":{"start":{"line":262,"column":0},"end":{"line":262,"column":116}},"262":{"start":{"line":263,"column":0},"end":{"line":263,"column":58}},"263":{"start":{"line":264,"column":0},"end":{"line":264,"column":44}},"264":{"start":{"line":265,"column":0},"end":{"line":265,"column":55}},"265":{"start":{"line":266,"column":0},"end":{"line":266,"column":109}},"266":{"start":{"line":267,"column":0},"end":{"line":267,"column":82}},"267":{"start":{"line":268,"column":0},"end":{"line":268,"column":73}},"269":{"start":{"line":270,"column":0},"end":{"line":270,"column":107}},"270":{"start":{"line":271,"column":0},"end":{"line":271,"column":46}},"271":{"start":{"line":272,"column":0},"end":{"line":272,"column":38}},"273":{"start":{"line":274,"column":0},"end":{"line":274,"column":34}},"274":{"start":{"line":275,"column":0},"end":{"line":275,"column":30}},"275":{"start":{"line":276,"column":0},"end":{"line":276,"column":26}},"276":{"start":{"line":277,"column":0},"end":{"line":277,"column":106}},"278":{"start":{"line":279,"column":0},"end":{"line":279,"column":29}},"279":{"start":{"line":280,"column":0},"end":{"line":280,"column":22}},"281":{"start":{"line":282,"column":0},"end":{"line":282,"column":14}},"283":{"start":{"line":284,"column":0},"end":{"line":284,"column":2}},"285":{"start":{"line":286,"column":0},"end":{"line":286,"column":28}}},"s":{"0":1,"1":1,"2":1,"3":1,"4":1,"6":1,"7":30,"8":30,"9":30,"10":30,"11":30,"12":30,"13":30,"14":30,"16":30,"17":8,"18":30,"20":30,"21":8,"22":8,"23":8,"24":8,"25":8,"26":8,"27":0,"28":0,"29":8,"31":30,"32":5,"34":5,"36":5,"37":5,"38":5,"39":5,"40":5,"42":5,"43":5,"44":5,"45":5,"47":5,"48":5,"49":5,"50":5,"52":5,"53":5,"54":5,"55":0,"56":0,"57":5,"59":30,"60":2,"61":2,"62":2,"63":2,"64":0,"65":0,"66":1,"67":1,"68":1,"69":1,"70":2,"71":2,"72":2,"73":2,"74":2,"75":2,"76":1,"77":1,"78":2,"79":2,"81":30,"82":1,"84":1,"85":1,"86":1,"87":1,"88":1,"89":1,"90":0,"91":0,"92":0,"93":0,"94":1,"95":0,"96":0,"97":1,"99":30,"100":20,"101":20,"102":0,"103":0,"104":0,"105":0,"106":0,"107":0,"108":0,"109":0,"110":0,"111":0,"112":20,"113":20,"115":30,"116":2,"117":2,"118":1,"119":1,"120":1,"121":1,"122":1,"123":1,"125":1,"126":1,"127":1,"128":1,"129":0,"130":1,"132":1,"133":1,"134":1,"135":0,"136":0,"137":1,"138":1,"139":1,"140":1,"141":2,"143":30,"144":6,"145":18,"147":12,"148":12,"150":12,"151":6,"152":0,"153":6,"154":6,"156":30,"157":1,"158":1,"159":1,"160":1,"161":1,"162":1,"163":1,"164":1,"165":1,"166":1,"167":1,"169":30,"170":18,"171":6,"172":18,"173":6,"174":6,"175":6,"176":6,"177":0,"178":18,"180":30,"181":30,"182":30,"183":30,"184":30,"185":30,"186":30,"187":30,"188":30,"189":30,"190":20,"191":20,"192":20,"194":20,"195":20,"196":2,"197":2,"198":2,"199":2,"200":2,"201":2,"202":1,"203":1,"204":1,"205":1,"206":2,"207":2,"209":18,"211":20,"212":20,"213":20,"214":20,"215":20,"216":20,"217":20,"219":20,"220":20,"221":20,"222":20,"223":1,"224":1,"225":1,"226":20,"227":20,"229":20,"230":20,"231":20,"232":30,"233":30,"235":30,"236":6,"237":6,"238":6,"239":6,"240":6,"241":6,"242":6,"243":6,"244":6,"245":6,"246":6,"247":6,"248":6,"249":6,"250":6,"251":6,"252":6,"253":6,"254":6,"255":6,"257":6,"258":6,"259":6,"260":6,"261":6,"262":6,"263":18,"264":18,"265":18,"266":18,"267":18,"269":18,"270":18,"271":6,"273":6,"274":6,"275":6,"276":6,"278":6,"279":6,"281":30,"283":30,"285":1},"branchMap":{"0":{"type":"branch","line":7,"loc":{"start":{"line":7,"column":21},"end":{"line":284,"column":2}},"locations":[{"start":{"line":7,"column":21},"end":{"line":284,"column":2}}]},"1":{"type":"branch","line":236,"loc":{"start":{"line":236,"column":13},"end":{"line":280,"column":22}},"locations":[{"start":{"line":236,"column":13},"end":{"line":280,"column":22}}]},"2":{"type":"branch","line":17,"loc":{"start":{"line":17,"column":14},"end":{"line":19,"column":7}},"locations":[{"start":{"line":17,"column":14},"end":{"line":19,"column":7}}]},"3":{"type":"branch","line":21,"loc":{"start":{"line":21,"column":23},"end":{"line":30,"column":6}},"locations":[{"start":{"line":21,"column":23},"end":{"line":30,"column":6}}]},"4":{"type":"branch","line":27,"loc":{"start":{"line":27,"column":8},"end":{"line":29,"column":9}},"locations":[{"start":{"line":27,"column":8},"end":{"line":29,"column":9}}]},"5":{"type":"branch","line":32,"loc":{"start":{"line":32,"column":29},"end":{"line":58,"column":6}},"locations":[{"start":{"line":32,"column":29},"end":{"line":58,"column":6}}]},"6":{"type":"branch","line":33,"loc":{"start":{"line":33,"column":26},"end":{"line":33,"column":33}},"locations":[{"start":{"line":33,"column":26},"end":{"line":33,"column":33}}]},"7":{"type":"branch","line":55,"loc":{"start":{"line":55,"column":8},"end":{"line":57,"column":9}},"locations":[{"start":{"line":55,"column":8},"end":{"line":57,"column":9}}]},"8":{"type":"branch","line":60,"loc":{"start":{"line":60,"column":27},"end":{"line":80,"column":6}},"locations":[{"start":{"line":60,"column":27},"end":{"line":80,"column":6}}]},"9":{"type":"branch","line":63,"loc":{"start":{"line":63,"column":53},"end":{"line":64,"column":34}},"locations":[{"start":{"line":63,"column":53},"end":{"line":64,"column":34}}]},"10":{"type":"branch","line":64,"loc":{"start":{"line":64,"column":34},"end":{"line":66,"column":17}},"locations":[{"start":{"line":64,"column":34},"end":{"line":66,"column":17}}]},"11":{"type":"branch","line":66,"loc":{"start":{"line":66,"column":16},"end":{"line":71,"column":63}},"locations":[{"start":{"line":66,"column":16},"end":{"line":71,"column":63}}]},"12":{"type":"branch","line":71,"loc":{"start":{"line":71,"column":46},"end":{"line":71,"column":86}},"locations":[{"start":{"line":71,"column":46},"end":{"line":71,"column":86}}]},"13":{"type":"branch","line":76,"loc":{"start":{"line":76,"column":12},"end":{"line":78,"column":13}},"locations":[{"start":{"line":76,"column":12},"end":{"line":78,"column":13}}]},"14":{"type":"branch","line":82,"loc":{"start":{"line":82,"column":25},"end":{"line":98,"column":6}},"locations":[{"start":{"line":82,"column":25},"end":{"line":98,"column":6}}]},"15":{"type":"branch","line":83,"loc":{"start":{"line":83,"column":69},"end":{"line":83,"column":76}},"locations":[{"start":{"line":83,"column":69},"end":{"line":83,"column":76}}]},"16":{"type":"branch","line":90,"loc":{"start":{"line":90,"column":16},"end":{"line":90,"column":44}},"locations":[{"start":{"line":90,"column":16},"end":{"line":90,"column":44}}]},"17":{"type":"branch","line":90,"loc":{"start":{"line":90,"column":60},"end":{"line":94,"column":13}},"locations":[{"start":{"line":90,"column":60},"end":{"line":94,"column":13}}]},"18":{"type":"branch","line":95,"loc":{"start":{"line":95,"column":8},"end":{"line":97,"column":9}},"locations":[{"start":{"line":95,"column":8},"end":{"line":97,"column":9}}]},"19":{"type":"branch","line":89,"loc":{"start":{"line":89,"column":36},"end":{"line":89,"column":70}},"locations":[{"start":{"line":89,"column":36},"end":{"line":89,"column":70}}]},"20":{"type":"branch","line":100,"loc":{"start":{"line":100,"column":40},"end":{"line":114,"column":6}},"locations":[{"start":{"line":100,"column":40},"end":{"line":114,"column":6}}]},"21":{"type":"branch","line":102,"loc":{"start":{"line":102,"column":19},"end":{"line":112,"column":9}},"locations":[{"start":{"line":102,"column":19},"end":{"line":112,"column":9}}]},"22":{"type":"branch","line":116,"loc":{"start":{"line":116,"column":25},"end":{"line":142,"column":6}},"locations":[{"start":{"line":116,"column":25},"end":{"line":142,"column":6}}]},"23":{"type":"branch","line":118,"loc":{"start":{"line":118,"column":45},"end":{"line":141,"column":9}},"locations":[{"start":{"line":118,"column":45},"end":{"line":141,"column":9}}]},"24":{"type":"branch","line":135,"loc":{"start":{"line":135,"column":12},"end":{"line":137,"column":13}},"locations":[{"start":{"line":135,"column":12},"end":{"line":137,"column":13}}]},"25":{"type":"branch","line":126,"loc":{"start":{"line":126,"column":37},"end":{"line":131,"column":17}},"locations":[{"start":{"line":126,"column":37},"end":{"line":131,"column":17}}]},"26":{"type":"branch","line":129,"loc":{"start":{"line":129,"column":20},"end":{"line":130,"column":29}},"locations":[{"start":{"line":129,"column":20},"end":{"line":130,"column":29}}]},"27":{"type":"branch","line":144,"loc":{"start":{"line":144,"column":31},"end":{"line":155,"column":6}},"locations":[{"start":{"line":144,"column":31},"end":{"line":155,"column":6}}]},"28":{"type":"branch","line":145,"loc":{"start":{"line":145,"column":27},"end":{"line":154,"column":9}},"locations":[{"start":{"line":145,"column":27},"end":{"line":154,"column":9}}]},"29":{"type":"branch","line":146,"loc":{"start":{"line":146,"column":29},"end":{"line":146,"column":41}},"locations":[{"start":{"line":146,"column":29},"end":{"line":146,"column":41}}]},"30":{"type":"branch","line":146,"loc":{"start":{"line":146,"column":36},"end":{"line":151,"column":54}},"locations":[{"start":{"line":146,"column":36},"end":{"line":151,"column":54}}]},"31":{"type":"branch","line":151,"loc":{"start":{"line":151,"column":49},"end":{"line":152,"column":49}},"locations":[{"start":{"line":151,"column":49},"end":{"line":152,"column":49}}]},"32":{"type":"branch","line":152,"loc":{"start":{"line":152,"column":44},"end":{"line":153,"column":47}},"locations":[{"start":{"line":152,"column":44},"end":{"line":153,"column":47}}]},"33":{"type":"branch","line":157,"loc":{"start":{"line":157,"column":27},"end":{"line":168,"column":6}},"locations":[{"start":{"line":157,"column":27},"end":{"line":168,"column":6}}]},"34":{"type":"branch","line":164,"loc":{"start":{"line":164,"column":23},"end":{"line":166,"column":15}},"locations":[{"start":{"line":164,"column":23},"end":{"line":166,"column":15}}]},"35":{"type":"branch","line":170,"loc":{"start":{"line":170,"column":35},"end":{"line":179,"column":6}},"locations":[{"start":{"line":170,"column":35},"end":{"line":179,"column":6}}]},"36":{"type":"branch","line":171,"loc":{"start":{"line":171,"column":22},"end":{"line":171,"column":39}},"locations":[{"start":{"line":171,"column":22},"end":{"line":171,"column":39}}]},"37":{"type":"branch","line":171,"loc":{"start":{"line":171,"column":39},"end":{"line":173,"column":19}},"locations":[{"start":{"line":171,"column":39},"end":{"line":173,"column":19}}]},"38":{"type":"branch","line":173,"loc":{"start":{"line":173,"column":8},"end":{"line":177,"column":9}},"locations":[{"start":{"line":173,"column":8},"end":{"line":177,"column":9}}]},"39":{"type":"branch","line":173,"loc":{"start":{"line":173,"column":32},"end":{"line":177,"column":9}},"locations":[{"start":{"line":173,"column":32},"end":{"line":177,"column":9}}]},"40":{"type":"branch","line":177,"loc":{"start":{"line":177,"column":8},"end":{"line":178,"column":18}},"locations":[{"start":{"line":177,"column":8},"end":{"line":178,"column":18}}]},"41":{"type":"branch","line":190,"loc":{"start":{"line":190,"column":28},"end":{"line":232,"column":26}},"locations":[{"start":{"line":190,"column":28},"end":{"line":232,"column":26}}]},"42":{"type":"branch","line":193,"loc":{"start":{"line":193,"column":49},"end":{"line":193,"column":77}},"locations":[{"start":{"line":193,"column":49},"end":{"line":193,"column":77}}]},"43":{"type":"branch","line":193,"loc":{"start":{"line":193,"column":83},"end":{"line":193,"column":105}},"locations":[{"start":{"line":193,"column":83},"end":{"line":193,"column":105}}]},"44":{"type":"branch","line":193,"loc":{"start":{"line":193,"column":94},"end":{"line":193,"column":107}},"locations":[{"start":{"line":193,"column":94},"end":{"line":193,"column":107}}]},"45":{"type":"branch","line":196,"loc":{"start":{"line":196,"column":52},"end":{"line":208,"column":34}},"locations":[{"start":{"line":196,"column":52},"end":{"line":208,"column":34}}]},"46":{"type":"branch","line":208,"loc":{"start":{"line":208,"column":32},"end":{"line":210,"column":62}},"locations":[{"start":{"line":208,"column":32},"end":{"line":210,"column":62}}]},"47":{"type":"branch","line":220,"loc":{"start":{"line":220,"column":56},"end":{"line":220,"column":76}},"locations":[{"start":{"line":220,"column":56},"end":{"line":220,"column":76}}]},"48":{"type":"branch","line":220,"loc":{"start":{"line":220,"column":67},"end":{"line":220,"column":85}},"locations":[{"start":{"line":220,"column":67},"end":{"line":220,"column":85}}]},"49":{"type":"branch","line":195,"loc":{"start":{"line":195,"column":38},"end":{"line":195,"column":69}},"locations":[{"start":{"line":195,"column":38},"end":{"line":195,"column":69}}]},"50":{"type":"branch","line":200,"loc":{"start":{"line":200,"column":46},"end":{"line":200,"column":80}},"locations":[{"start":{"line":200,"column":46},"end":{"line":200,"column":80}}]},"51":{"type":"branch","line":202,"loc":{"start":{"line":202,"column":47},"end":{"line":206,"column":38}},"locations":[{"start":{"line":202,"column":47},"end":{"line":206,"column":38}}]},"52":{"type":"branch","line":217,"loc":{"start":{"line":217,"column":41},"end":{"line":217,"column":71}},"locations":[{"start":{"line":217,"column":41},"end":{"line":217,"column":71}}]},"53":{"type":"branch","line":223,"loc":{"start":{"line":223,"column":41},"end":{"line":226,"column":34}},"locations":[{"start":{"line":223,"column":41},"end":{"line":226,"column":34}}]},"54":{"type":"branch","line":262,"loc":{"start":{"line":262,"column":83},"end":{"line":262,"column":114}},"locations":[{"start":{"line":262,"column":83},"end":{"line":262,"column":114}}]},"55":{"type":"branch","line":262,"loc":{"start":{"line":262,"column":99},"end":{"line":262,"column":114}},"locations":[{"start":{"line":262,"column":99},"end":{"line":262,"column":114}}]},"56":{"type":"branch","line":263,"loc":{"start":{"line":263,"column":41},"end":{"line":271,"column":46}},"locations":[{"start":{"line":263,"column":41},"end":{"line":271,"column":46}}]},"57":{"type":"branch","line":266,"loc":{"start":{"line":266,"column":89},"end":{"line":266,"column":104}},"locations":[{"start":{"line":266,"column":89},"end":{"line":266,"column":104}}]},"58":{"type":"branch","line":266,"loc":{"start":{"line":266,"column":93},"end":{"line":266,"column":106}},"locations":[{"start":{"line":266,"column":93},"end":{"line":266,"column":106}}]},"59":{"type":"branch","line":267,"loc":{"start":{"line":267,"column":53},"end":{"line":267,"column":82}},"locations":[{"start":{"line":267,"column":53},"end":{"line":267,"column":82}}]}},"b":{"0":[30],"1":[6],"2":[8],"3":[8],"4":[0],"5":[5],"6":[0],"7":[0],"8":[2],"9":[1],"10":[0],"11":[1],"12":[0],"13":[1],"14":[1],"15":[0],"16":[0],"17":[0],"18":[0],"19":[1],"20":[20],"21":[0],"22":[2],"23":[1],"24":[0],"25":[1],"26":[0],"27":[6],"28":[18],"29":[6],"30":[12],"31":[6],"32":[0],"33":[1],"34":[1],"35":[18],"36":[12],"37":[6],"38":[12],"39":[6],"40":[0],"41":[20],"42":[6],"43":[5],"44":[15],"45":[2],"46":[18],"47":[2],"48":[18],"49":[5],"50":[1],"51":[1],"52":[1],"53":[1],"54":[18],"55":[6],"56":[18],"57":[1],"58":[17],"59":[1]},"fnMap":{"0":{"name":"VideoCatalog","decl":{"start":{"line":7,"column":21},"end":{"line":284,"column":2}},"loc":{"start":{"line":7,"column":21},"end":{"line":284,"column":2}},"line":7},"1":{"name":"loadVideos","decl":{"start":{"line":21,"column":23},"end":{"line":30,"column":6}},"loc":{"start":{"line":21,"column":23},"end":{"line":30,"column":6}},"line":21},"2":{"name":"handleVideoClick","decl":{"start":{"line":32,"column":29},"end":{"line":58,"column":6}},"loc":{"start":{"line":32,"column":29},"end":{"line":58,"column":6}},"line":32},"3":{"name":"handleDownload","decl":{"start":{"line":60,"column":27},"end":{"line":80,"column":6}},"loc":{"start":{"line":60,"column":27},"end":{"line":80,"column":6}},"line":60},"4":{"name":"handleDelete","decl":{"start":{"line":82,"column":25},"end":{"line":98,"column":6}},"loc":{"start":{"line":82,"column":25},"end":{"line":98,"column":6}},"line":82},"5":{"name":"extractDateTimeFromFilename","decl":{"start":{"line":100,"column":40},"end":{"line":114,"column":6}},"loc":{"start":{"line":100,"column":40},"end":{"line":114,"column":6}},"line":100},"6":{"name":"handleRename","decl":{"start":{"line":116,"column":25},"end":{"line":142,"column":6}},"loc":{"start":{"line":116,"column":25},"end":{"line":142,"column":6}},"line":116},"7":{"name":"filterLogsSequence","decl":{"start":{"line":144,"column":31},"end":{"line":155,"column":6}},"loc":{"start":{"line":144,"column":31},"end":{"line":155,"column":6}},"line":144},"8":{"name":"handleLogClick","decl":{"start":{"line":157,"column":27},"end":{"line":168,"column":6}},"loc":{"start":{"line":157,"column":27},"end":{"line":168,"column":6}},"line":157},"9":{"name":"formatDetectionMessage","decl":{"start":{"line":170,"column":35},"end":{"line":179,"column":6}},"loc":{"start":{"line":170,"column":35},"end":{"line":179,"column":6}},"line":170},"10":{"name":"onClick","decl":{"start":{"line":195,"column":38},"end":{"line":195,"column":69}},"loc":{"start":{"line":195,"column":38},"end":{"line":195,"column":69}},"line":195},"11":{"name":"onChange","decl":{"start":{"line":200,"column":46},"end":{"line":200,"column":80}},"loc":{"start":{"line":200,"column":46},"end":{"line":200,"column":80}},"line":200},"12":{"name":"onClick","decl":{"start":{"line":201,"column":45},"end":{"line":201,"column":72}},"loc":{"start":{"line":201,"column":45},"end":{"line":201,"column":72}},"line":201},"13":{"name":"onKeyDown","decl":{"start":{"line":202,"column":47},"end":{"line":206,"column":38}},"loc":{"start":{"line":202,"column":47},"end":{"line":206,"column":38}},"line":202},"14":{"name":"onClick","decl":{"start":{"line":217,"column":41},"end":{"line":217,"column":71}},"loc":{"start":{"line":217,"column":41},"end":{"line":217,"column":71}},"line":217},"15":{"name":"onClick","decl":{"start":{"line":223,"column":41},"end":{"line":226,"column":34}},"loc":{"start":{"line":223,"column":41},"end":{"line":226,"column":34}},"line":223},"16":{"name":"onClick","decl":{"start":{"line":267,"column":53},"end":{"line":267,"column":82}},"loc":{"start":{"line":267,"column":53},"end":{"line":267,"column":82}},"line":267}},"f":{"0":30,"1":8,"2":5,"3":2,"4":1,"5":20,"6":2,"7":6,"8":1,"9":18,"10":5,"11":1,"12":0,"13":1,"14":1,"15":1,"16":1}}
,"/home/sngflu/IT/devops/frontend/src/utils/axios.js": {"path":"/home/sngflu/IT/devops/frontend/src/utils/axios.js","all":false,"statementMap":{"0":{"start":{"line":1,"column":0},"end":{"line":1,"column":49}},"1":{"start":{"line":2,"column":0},"end":{"line":2,"column":0}},"2":{"start":{"line":3,"column":0},"end":{"line":3,"column":36}},"3":{"start":{"line":4,"column":0},"end":{"line":4,"column":36}},"4":{"start":{"line":5,"column":0},"end":{"line":5,"column":3}},"5":{"start":{"line":6,"column":0},"end":{"line":6,"column":0}},"6":{"start":{"line":7,"column":0},"end":{"line":7,"column":39}},"7":{"start":{"line":8,"column":0},"end":{"line":8,"column":17}},"8":{"start":{"line":9,"column":0},"end":{"line":9,"column":52}},"9":{"start":{"line":10,"column":0},"end":{"line":10,"column":20}},"10":{"start":{"line":11,"column":0},"end":{"line":11,"column":61}},"11":{"start":{"line":12,"column":0},"end":{"line":12,"column":9}},"12":{"start":{"line":13,"column":0},"end":{"line":13,"column":22}},"13":{"start":{"line":14,"column":0},"end":{"line":14,"column":6}},"14":{"start":{"line":15,"column":0},"end":{"line":15,"column":16}},"15":{"start":{"line":16,"column":0},"end":{"line":16,"column":37}},"16":{"start":{"line":17,"column":0},"end":{"line":17,"column":5}},"17":{"start":{"line":18,"column":0},"end":{"line":18,"column":2}},"18":{"start":{"line":19,"column":0},"end":{"line":19,"column":0}},"19":{"start":{"line":20,"column":0},"end":{"line":20,"column":29}}},"s":{"0":1,"1":1,"2":1,"3":1,"4":1,"5":1,"6":1,"7":1,"8":0,"9":0,"10":0,"11":0,"12":0,"13":1,"14":1,"15":0,"16":0,"17":1,"18":1,"19":1},"branchMap":{},"b":{},"fnMap":{},"f":{}}
}
